#
# A fatal error has been detected by the Java Runtime Environment:
#
#  SIGBUS (0xa) at pc=0x000000010b60ae60, pid=57749, tid=4611
#
# JRE version:  (13.0+33) (build )
# Java VM: OpenJDK 64-Bit Server VM (13+33, mixed mode, sharing, tiered, compressed oops, g1 gc, bsd-amd64)
# Problematic frame:
# C  [libosxunwind.dylib+0x4e60]  libunwind::CompactUnwinder_x86_64<libunwind::LocalAddressSpace>::stepWithCompactEncodingRBPFrame(unsigned int, unsigned long long, libunwind::LocalAddressSpace&, libunwind::Registers_x86_64&)+0xc0
#
# No core dump will be written. Core dumps have been disabled. To enable core dumping, try "ulimit -c unlimited" before starting Java again
#
# If you would like to submit a bug report, please visit:
#   http://bugreport.java.com/bugreport/crash.jsp
#

---------------  S U M M A R Y ------------

Command Line: -Xmx128M 

Host: MacBookPro15,1 x86_64 2200 MHz, 12 cores, 16G, Darwin 19.6.0
Time: Fri Jan  8 14:04:03 2021 EST elapsed time: 0 seconds (0d 0h 0m 0s)

---------------  T H R E A D  ---------------

Current thread is native thread

Stack: [0x000070000017b000,0x00007000001fb000],  sp=0x00007000001fa610,  free space=509k
Native frames: (J=compiled Java code, A=aot compiled Java code, j=interpreted, Vv=VM code, C=native code)
C  [libosxunwind.dylib+0x4e60]  libunwind::CompactUnwinder_x86_64<libunwind::LocalAddressSpace>::stepWithCompactEncodingRBPFrame(unsigned int, unsigned long long, libunwind::LocalAddressSpace&, libunwind::Registers_x86_64&)+0xc0
C  [libosxunwind.dylib+0x215f]  libunwind::UnwindCursor<libunwind::LocalAddressSpace, libunwind::Registers_x86_64>::step()+0x8f
C  [libjulia.1.5.dylib+0xc820b]  jl_unw_stepn+0x1cb
C  [libjulia.1.5.dylib+0xc8420]  rec_backtrace_ctx+0x60
C  [libjulia.1.5.dylib+0xd8a67]  jl_throw_in_thread+0x77
C  [libjulia.1.5.dylib+0xd8898]  catch_exception_raise+0x2c8
C  [libsystem_kernel.dylib+0x126f6]  _Xexception_raise+0xa1
C  [libsystem_kernel.dylib+0x12985]  exc_server+0x50
C  [libsystem_kernel.dylib+0x6d11]  mach_msg_server+0x15f
C  [libjulia.1.5.dylib+0xd85ad]  mach_segv_listener+0x1d
C  [libsystem_pthread.dylib+0x6109]  _pthread_start+0x94
C  [libsystem_pthread.dylib+0x1b8b]  thread_start+0xf


siginfo: si_signo: 10 (SIGBUS), si_code: 2 (BUS_ADRERR), si_addr: 0x0000000132ffeff0

Register to memory mapping:

RAX=
[error occurred during error reporting (printing register info), id 0xb, SIGSEGV (0xb) at pc=0x000000014d9411d2]

Registers:
RAX=0x0000000132fff000, RBX=0x00007000001fa8d0, RCX=0x00007000001fa8c8, RDX=0x000000010b60ae60
RSP=0x00007000001fa610, RBP=0x00007000001fa630, RSI=0x000000010b60afa0, RDI=0x0000000001020021
R8 =0x00007000001fa938, R9 =0x00007000001fa930, R10=0x00007000001fa928, R11=0x00007000001fa8d0
R12=0x0000000000013880, R13=0x00007000001facd0, R14=0x00007000001fa940, R15=0x0000000132ffeff0
RIP=0x000000010b60ae60, EFLAGS=0x0000000000010207, ERR=0x0000000000000004
  TRAPNO=0x000000000000000e

Top of Stack: (sp=0x00007000001fa610)
0x00007000001fa610:   0000000001000000 00007000001fa870
0x00007000001fa620:   0000000000000000 00007000001fa640
0x00007000001fa630:   00007000001fa700 000000010b60815f
0x00007000001fa640:   0000000000000000 0000000000000000
0x00007000001fa650:   0000000000000000 0000000000000000
0x00007000001fa660:   0000000000000000 0000000000000000
0x00007000001fa670:   0000000000000000 0000000000000000
0x00007000001fa680:   0000000000000000 0000000000000000
0x00007000001fa690:   0000000000000000 0000000000000000
0x00007000001fa6a0:   0000000000000000 0000000000000000
0x00007000001fa6b0:   0000000000000000 0000000000000000
0x00007000001fa6c0:   0000000000000000 0000000000000000
0x00007000001fa6d0:   0000000000000000 0000000000000000
0x00007000001fa6e0:   0000000000000000 0000000000000000
0x00007000001fa6f0:   00007000001fa870 00007fff6ee4aeef
0x00007000001fa700:   00007000001fa840 000000010b08e20b
0x00007000001fa710:   0000000000000002 00007000001facd8
0x00007000001fa720:   00007feeb7a7fc00 0000000000000000
0x00007000001fa730:   0000000000000000 00007feeb451b000
0x00007000001fa740:   00007000001fa870 0000000000000000
0x00007000001fa750:   00000000ffffd0bc 0000000132fff000
0x00007000001fa760:   0000000132fff000 0000000000000000
0x00007000001fa770:   00007000001fa870 f5f050f1a1db59af
0x00007000001fa780:   f5f050f1a1db56ff 0000000000013880
0x00007000001fa790:   0000000000000000 00007feeb7a7fc00
0x00007000001fa7a0:   00007000001fa770 f5f020f0aacc1153
0x00007000001fa7b0:   00007000001fad10 0000037f00001f80
0x00007000001fa7c0:   00000000564ca61b 0000000000000000
0x00007000001fa7d0:   0000000000000000 0000000000000000
0x00007000001fa7e0:   0000000200000000 0000000000000000
0x00007000001fa7f0:   00007000001fad50 00007000001fad58
0x00007000001fa800:   0000000000003c83 000000000000002b 

Instructions: (pc=0x000000010b60ae60)
0x000000010b60ad60:   00 00 01 75 1b 5d e9 35 00 00 00 45 31 c0 5d e9
0x000000010b60ad70:   ac 02 00 00 41 b8 01 00 00 00 5d e9 a0 02 00 00
0x000000010b60ad80:   48 8d 3d 8d 22 00 00 48 8d 35 9e 22 00 00 48 8d
0x000000010b60ad90:   0d d4 22 00 00 ba 27 02 00 00 e8 3d 19 00 00 90
0x000000010b60ada0:   55 48 89 e5 41 57 41 56 53 50 48 8b 81 80 00 00
0x000000010b60adb0:   00 48 39 f0 75 11 48 8b 41 38 48 8d 50 08 48 89
0x000000010b60adc0:   51 38 e9 9d 01 00 00 48 ff c6 48 39 c6 74 2c 8a
0x000000010b60add0:   10 80 fa c5 75 0f 80 78 01 f8 75 28 80 78 02 77
0x000000010b60ade0:   75 22 8a 50 03 80 c2 3e 80 fa 09 77 17 0f b6 c2
0x000000010b60adf0:   ba 03 03 00 00 48 0f a3 c2 73 09 48 8b 41 38 e9
0x000000010b60ae00:   54 01 00 00 89 fb 83 e3 07 83 fb 05 0f 87 6c 01
0x000000010b60ae10:   00 00 48 8b 41 30 89 fe c1 ee 0d 81 e6 f8 07 00
0x000000010b60ae20:   00 49 89 c7 49 29 f7 4c 8d 71 78 4c 8d 41 70 4c
0x000000010b60ae30:   8d 49 68 4c 8d 51 60 4c 8d 59 08 48 8d 35 5e 01
0x000000010b60ae40:   00 00 48 63 14 9e 48 01 f2 4c 89 db ff e2 4c 89
0x000000010b60ae50:   d3 eb 0d 4c 89 cb eb 08 4c 89 c3 eb 03 4c 89 f3
0x000000010b60ae60:   49 8b 17 48 89 13 89 fb c1 eb 03 83 e3 07 83 fb
0x000000010b60ae70:   05 0f 87 07 01 00 00 48 8d 15 3a 01 00 00 48 63
0x000000010b60ae80:   34 9a 48 01 d6 4c 89 f3 ff e6 4c 89 db eb 0d 4c
0x000000010b60ae90:   89 cb eb 08 4c 89 d3 eb 03 4c 89 c3 49 8b 57 08
0x000000010b60aea0:   48 89 13 89 fb c1 eb 06 83 e3 07 83 fb 05 0f 87
0x000000010b60aeb0:   ca 00 00 00 48 8d 15 15 01 00 00 48 63 34 9a 48
0x000000010b60aec0:   01 d6 4c 89 f3 ff e6 4c 89 db eb 0d 4c 89 cb eb
0x000000010b60aed0:   08 4c 89 d3 eb 03 4c 89 c3 49 8b 57 10 48 89 13
0x000000010b60aee0:   89 fb c1 eb 09 83 e3 07 83 fb 05 0f 87 8d 00 00
0x000000010b60aef0:   00 48 8d 15 f0 00 00 00 48 63 34 9a 48 01 d6 4c
0x000000010b60af00:   89 f3 ff e6 4c 89 db eb 0d 4c 89 d3 eb 08 4c 89
0x000000010b60af10:   cb eb 03 4c 89 c3 49 8b 57 18 48 89 13 c1 ef 0c
0x000000010b60af20:   83 e7 07 83 ff 05 77 56 48 8d 15 d1 00 00 00 48
0x000000010b60af30:   63 34 ba 48 01 d6 ff e6 4d 89 de eb 0d 4d 89 d6
0x000000010b60af40:   eb 08 4d 89 ce eb 03 4d 89 c6 49 8b 57 20 49 89
0x000000010b60af50:   16 48 8b 10 48 89 51 30 48 8d 50 10 48 89 51 38 


Stack slot to memory mapping:
stack at sp + 0 slots: 
[error occurred during error reporting (inspecting top of stack), id 0xb, SIGSEGV (0xb) at pc=0x000000014d9411d2]


---------------  P R O C E S S  ---------------

VM state:not at safepoint (normal execution)

VM Mutex/Monitor currently owned by a thread: None

OutOfMemory and StackOverflow Exception counts:
StackOverflowErrors=7

Heap address: 0x00000007f8000000, size: 128 MB, Compressed Oops mode: Zero based, Oop shift amount: 3
Narrow klass base: 0x0000000800000000, Narrow klass shift: 3
Compressed class space size: 1073741824 Address: 0x0000000800ae7000

Heap:
 garbage-first heap   total 131072K, used 756K [0x00000007f8000000, 0x0000000800000000)
  region size 1024K, 1 young (1024K), 0 survivors (0K)
 Metaspace       used 2K, capacity 4480K, committed 4480K, reserved 1056768K
  class space    used 2K, capacity 384K, committed 384K, reserved 1048576K
Heap Regions: E=young(eden), S=young(survivor), O=old, HS=humongous(starts), HC=humongous(continues), CS=collection set, F=free, A=archive, TAMS=top-at-mark-start (previous, next)
|   0|0x00000007f8000000, 0x00000007f8000000, 0x00000007f8100000|  0%| F|  |TAMS 0x00000007f8000000, 0x00000007f8000000| Untracked 
|   1|0x00000007f8100000, 0x00000007f8100000, 0x00000007f8200000|  0%| F|  |TAMS 0x00000007f8100000, 0x00000007f8100000| Untracked 
|   2|0x00000007f8200000, 0x00000007f8200000, 0x00000007f8300000|  0%| F|  |TAMS 0x00000007f8200000, 0x00000007f8200000| Untracked 
|   3|0x00000007f8300000, 0x00000007f8300000, 0x00000007f8400000|  0%| F|  |TAMS 0x00000007f8300000, 0x00000007f8300000| Untracked 
|   4|0x00000007f8400000, 0x00000007f8400000, 0x00000007f8500000|  0%| F|  |TAMS 0x00000007f8400000, 0x00000007f8400000| Untracked 
|   5|0x00000007f8500000, 0x00000007f8500000, 0x00000007f8600000|  0%| F|  |TAMS 0x00000007f8500000, 0x00000007f8500000| Untracked 
|   6|0x00000007f8600000, 0x00000007f8600000, 0x00000007f8700000|  0%| F|  |TAMS 0x00000007f8600000, 0x00000007f8600000| Untracked 
|   7|0x00000007f8700000, 0x00000007f8700000, 0x00000007f8800000|  0%| F|  |TAMS 0x00000007f8700000, 0x00000007f8700000| Untracked 
|   8|0x00000007f8800000, 0x00000007f8800000, 0x00000007f8900000|  0%| F|  |TAMS 0x00000007f8800000, 0x00000007f8800000| Untracked 
|   9|0x00000007f8900000, 0x00000007f8900000, 0x00000007f8a00000|  0%| F|  |TAMS 0x00000007f8900000, 0x00000007f8900000| Untracked 
|  10|0x00000007f8a00000, 0x00000007f8a00000, 0x00000007f8b00000|  0%| F|  |TAMS 0x00000007f8a00000, 0x00000007f8a00000| Untracked 
|  11|0x00000007f8b00000, 0x00000007f8b00000, 0x00000007f8c00000|  0%| F|  |TAMS 0x00000007f8b00000, 0x00000007f8b00000| Untracked 
|  12|0x00000007f8c00000, 0x00000007f8c00000, 0x00000007f8d00000|  0%| F|  |TAMS 0x00000007f8c00000, 0x00000007f8c00000| Untracked 
|  13|0x00000007f8d00000, 0x00000007f8d00000, 0x00000007f8e00000|  0%| F|  |TAMS 0x00000007f8d00000, 0x00000007f8d00000| Untracked 
|  14|0x00000007f8e00000, 0x00000007f8e00000, 0x00000007f8f00000|  0%| F|  |TAMS 0x00000007f8e00000, 0x00000007f8e00000| Untracked 
|  15|0x00000007f8f00000, 0x00000007f8f00000, 0x00000007f9000000|  0%| F|  |TAMS 0x00000007f8f00000, 0x00000007f8f00000| Untracked 
|  16|0x00000007f9000000, 0x00000007f9000000, 0x00000007f9100000|  0%| F|  |TAMS 0x00000007f9000000, 0x00000007f9000000| Untracked 
|  17|0x00000007f9100000, 0x00000007f9100000, 0x00000007f9200000|  0%| F|  |TAMS 0x00000007f9100000, 0x00000007f9100000| Untracked 
|  18|0x00000007f9200000, 0x00000007f9200000, 0x00000007f9300000|  0%| F|  |TAMS 0x00000007f9200000, 0x00000007f9200000| Untracked 
|  19|0x00000007f9300000, 0x00000007f9300000, 0x00000007f9400000|  0%| F|  |TAMS 0x00000007f9300000, 0x00000007f9300000| Untracked 
|  20|0x00000007f9400000, 0x00000007f9400000, 0x00000007f9500000|  0%| F|  |TAMS 0x00000007f9400000, 0x00000007f9400000| Untracked 
|  21|0x00000007f9500000, 0x00000007f9500000, 0x00000007f9600000|  0%| F|  |TAMS 0x00000007f9500000, 0x00000007f9500000| Untracked 
|  22|0x00000007f9600000, 0x00000007f9600000, 0x00000007f9700000|  0%| F|  |TAMS 0x00000007f9600000, 0x00000007f9600000| Untracked 
|  23|0x00000007f9700000, 0x00000007f9700000, 0x00000007f9800000|  0%| F|  |TAMS 0x00000007f9700000, 0x00000007f9700000| Untracked 
|  24|0x00000007f9800000, 0x00000007f9800000, 0x00000007f9900000|  0%| F|  |TAMS 0x00000007f9800000, 0x00000007f9800000| Untracked 
|  25|0x00000007f9900000, 0x00000007f9900000, 0x00000007f9a00000|  0%| F|  |TAMS 0x00000007f9900000, 0x00000007f9900000| Untracked 
|  26|0x00000007f9a00000, 0x00000007f9a00000, 0x00000007f9b00000|  0%| F|  |TAMS 0x00000007f9a00000, 0x00000007f9a00000| Untracked 
|  27|0x00000007f9b00000, 0x00000007f9b00000, 0x00000007f9c00000|  0%| F|  |TAMS 0x00000007f9b00000, 0x00000007f9b00000| Untracked 
|  28|0x00000007f9c00000, 0x00000007f9c00000, 0x00000007f9d00000|  0%| F|  |TAMS 0x00000007f9c00000, 0x00000007f9c00000| Untracked 
|  29|0x00000007f9d00000, 0x00000007f9d00000, 0x00000007f9e00000|  0%| F|  |TAMS 0x00000007f9d00000, 0x00000007f9d00000| Untracked 
|  30|0x00000007f9e00000, 0x00000007f9e00000, 0x00000007f9f00000|  0%| F|  |TAMS 0x00000007f9e00000, 0x00000007f9e00000| Untracked 
|  31|0x00000007f9f00000, 0x00000007f9f00000, 0x00000007fa000000|  0%| F|  |TAMS 0x00000007f9f00000, 0x00000007f9f00000| Untracked 
|  32|0x00000007fa000000, 0x00000007fa000000, 0x00000007fa100000|  0%| F|  |TAMS 0x00000007fa000000, 0x00000007fa000000| Untracked 
|  33|0x00000007fa100000, 0x00000007fa100000, 0x00000007fa200000|  0%| F|  |TAMS 0x00000007fa100000, 0x00000007fa100000| Untracked 
|  34|0x00000007fa200000, 0x00000007fa200000, 0x00000007fa300000|  0%| F|  |TAMS 0x00000007fa200000, 0x00000007fa200000| Untracked 
|  35|0x00000007fa300000, 0x00000007fa300000, 0x00000007fa400000|  0%| F|  |TAMS 0x00000007fa300000, 0x00000007fa300000| Untracked 
|  36|0x00000007fa400000, 0x00000007fa400000, 0x00000007fa500000|  0%| F|  |TAMS 0x00000007fa400000, 0x00000007fa400000| Untracked 
|  37|0x00000007fa500000, 0x00000007fa500000, 0x00000007fa600000|  0%| F|  |TAMS 0x00000007fa500000, 0x00000007fa500000| Untracked 
|  38|0x00000007fa600000, 0x00000007fa600000, 0x00000007fa700000|  0%| F|  |TAMS 0x00000007fa600000, 0x00000007fa600000| Untracked 
|  39|0x00000007fa700000, 0x00000007fa700000, 0x00000007fa800000|  0%| F|  |TAMS 0x00000007fa700000, 0x00000007fa700000| Untracked 
|  40|0x00000007fa800000, 0x00000007fa800000, 0x00000007fa900000|  0%| F|  |TAMS 0x00000007fa800000, 0x00000007fa800000| Untracked 
|  41|0x00000007fa900000, 0x00000007fa900000, 0x00000007faa00000|  0%| F|  |TAMS 0x00000007fa900000, 0x00000007fa900000| Untracked 
|  42|0x00000007faa00000, 0x00000007faa00000, 0x00000007fab00000|  0%| F|  |TAMS 0x00000007faa00000, 0x00000007faa00000| Untracked 
|  43|0x00000007fab00000, 0x00000007fab00000, 0x00000007fac00000|  0%| F|  |TAMS 0x00000007fab00000, 0x00000007fab00000| Untracked 
|  44|0x00000007fac00000, 0x00000007fac00000, 0x00000007fad00000|  0%| F|  |TAMS 0x00000007fac00000, 0x00000007fac00000| Untracked 
|  45|0x00000007fad00000, 0x00000007fad00000, 0x00000007fae00000|  0%| F|  |TAMS 0x00000007fad00000, 0x00000007fad00000| Untracked 
|  46|0x00000007fae00000, 0x00000007fae00000, 0x00000007faf00000|  0%| F|  |TAMS 0x00000007fae00000, 0x00000007fae00000| Untracked 
|  47|0x00000007faf00000, 0x00000007faf00000, 0x00000007fb000000|  0%| F|  |TAMS 0x00000007faf00000, 0x00000007faf00000| Untracked 
|  48|0x00000007fb000000, 0x00000007fb000000, 0x00000007fb100000|  0%| F|  |TAMS 0x00000007fb000000, 0x00000007fb000000| Untracked 
|  49|0x00000007fb100000, 0x00000007fb100000, 0x00000007fb200000|  0%| F|  |TAMS 0x00000007fb100000, 0x00000007fb100000| Untracked 
|  50|0x00000007fb200000, 0x00000007fb200000, 0x00000007fb300000|  0%| F|  |TAMS 0x00000007fb200000, 0x00000007fb200000| Untracked 
|  51|0x00000007fb300000, 0x00000007fb300000, 0x00000007fb400000|  0%| F|  |TAMS 0x00000007fb300000, 0x00000007fb300000| Untracked 
|  52|0x00000007fb400000, 0x00000007fb400000, 0x00000007fb500000|  0%| F|  |TAMS 0x00000007fb400000, 0x00000007fb400000| Untracked 
|  53|0x00000007fb500000, 0x00000007fb500000, 0x00000007fb600000|  0%| F|  |TAMS 0x00000007fb500000, 0x00000007fb500000| Untracked 
|  54|0x00000007fb600000, 0x00000007fb600000, 0x00000007fb700000|  0%| F|  |TAMS 0x00000007fb600000, 0x00000007fb600000| Untracked 
|  55|0x00000007fb700000, 0x00000007fb700000, 0x00000007fb800000|  0%| F|  |TAMS 0x00000007fb700000, 0x00000007fb700000| Untracked 
|  56|0x00000007fb800000, 0x00000007fb800000, 0x00000007fb900000|  0%| F|  |TAMS 0x00000007fb800000, 0x00000007fb800000| Untracked 
|  57|0x00000007fb900000, 0x00000007fb900000, 0x00000007fba00000|  0%| F|  |TAMS 0x00000007fb900000, 0x00000007fb900000| Untracked 
|  58|0x00000007fba00000, 0x00000007fba00000, 0x00000007fbb00000|  0%| F|  |TAMS 0x00000007fba00000, 0x00000007fba00000| Untracked 
|  59|0x00000007fbb00000, 0x00000007fbb00000, 0x00000007fbc00000|  0%| F|  |TAMS 0x00000007fbb00000, 0x00000007fbb00000| Untracked 
|  60|0x00000007fbc00000, 0x00000007fbc00000, 0x00000007fbd00000|  0%| F|  |TAMS 0x00000007fbc00000, 0x00000007fbc00000| Untracked 
|  61|0x00000007fbd00000, 0x00000007fbd00000, 0x00000007fbe00000|  0%| F|  |TAMS 0x00000007fbd00000, 0x00000007fbd00000| Untracked 
|  62|0x00000007fbe00000, 0x00000007fbe00000, 0x00000007fbf00000|  0%| F|  |TAMS 0x00000007fbe00000, 0x00000007fbe00000| Untracked 
|  63|0x00000007fbf00000, 0x00000007fbf00000, 0x00000007fc000000|  0%| F|  |TAMS 0x00000007fbf00000, 0x00000007fbf00000| Untracked 
|  64|0x00000007fc000000, 0x00000007fc000000, 0x00000007fc100000|  0%| F|  |TAMS 0x00000007fc000000, 0x00000007fc000000| Untracked 
|  65|0x00000007fc100000, 0x00000007fc100000, 0x00000007fc200000|  0%| F|  |TAMS 0x00000007fc100000, 0x00000007fc100000| Untracked 
|  66|0x00000007fc200000, 0x00000007fc200000, 0x00000007fc300000|  0%| F|  |TAMS 0x00000007fc200000, 0x00000007fc200000| Untracked 
|  67|0x00000007fc300000, 0x00000007fc300000, 0x00000007fc400000|  0%| F|  |TAMS 0x00000007fc300000, 0x00000007fc300000| Untracked 
|  68|0x00000007fc400000, 0x00000007fc400000, 0x00000007fc500000|  0%| F|  |TAMS 0x00000007fc400000, 0x00000007fc400000| Untracked 
|  69|0x00000007fc500000, 0x00000007fc500000, 0x00000007fc600000|  0%| F|  |TAMS 0x00000007fc500000, 0x00000007fc500000| Untracked 
|  70|0x00000007fc600000, 0x00000007fc600000, 0x00000007fc700000|  0%| F|  |TAMS 0x00000007fc600000, 0x00000007fc600000| Untracked 
|  71|0x00000007fc700000, 0x00000007fc700000, 0x00000007fc800000|  0%| F|  |TAMS 0x00000007fc700000, 0x00000007fc700000| Untracked 
|  72|0x00000007fc800000, 0x00000007fc800000, 0x00000007fc900000|  0%| F|  |TAMS 0x00000007fc800000, 0x00000007fc800000| Untracked 
|  73|0x00000007fc900000, 0x00000007fc900000, 0x00000007fca00000|  0%| F|  |TAMS 0x00000007fc900000, 0x00000007fc900000| Untracked 
|  74|0x00000007fca00000, 0x00000007fca00000, 0x00000007fcb00000|  0%| F|  |TAMS 0x00000007fca00000, 0x00000007fca00000| Untracked 
|  75|0x00000007fcb00000, 0x00000007fcb00000, 0x00000007fcc00000|  0%| F|  |TAMS 0x00000007fcb00000, 0x00000007fcb00000| Untracked 
|  76|0x00000007fcc00000, 0x00000007fcc00000, 0x00000007fcd00000|  0%| F|  |TAMS 0x00000007fcc00000, 0x00000007fcc00000| Untracked 
|  77|0x00000007fcd00000, 0x00000007fcd00000, 0x00000007fce00000|  0%| F|  |TAMS 0x00000007fcd00000, 0x00000007fcd00000| Untracked 
|  78|0x00000007fce00000, 0x00000007fce00000, 0x00000007fcf00000|  0%| F|  |TAMS 0x00000007fce00000, 0x00000007fce00000| Untracked 
|  79|0x00000007fcf00000, 0x00000007fcf00000, 0x00000007fd000000|  0%| F|  |TAMS 0x00000007fcf00000, 0x00000007fcf00000| Untracked 
|  80|0x00000007fd000000, 0x00000007fd000000, 0x00000007fd100000|  0%| F|  |TAMS 0x00000007fd000000, 0x00000007fd000000| Untracked 
|  81|0x00000007fd100000, 0x00000007fd100000, 0x00000007fd200000|  0%| F|  |TAMS 0x00000007fd100000, 0x00000007fd100000| Untracked 
|  82|0x00000007fd200000, 0x00000007fd200000, 0x00000007fd300000|  0%| F|  |TAMS 0x00000007fd200000, 0x00000007fd200000| Untracked 
|  83|0x00000007fd300000, 0x00000007fd300000, 0x00000007fd400000|  0%| F|  |TAMS 0x00000007fd300000, 0x00000007fd300000| Untracked 
|  84|0x00000007fd400000, 0x00000007fd400000, 0x00000007fd500000|  0%| F|  |TAMS 0x00000007fd400000, 0x00000007fd400000| Untracked 
|  85|0x00000007fd500000, 0x00000007fd500000, 0x00000007fd600000|  0%| F|  |TAMS 0x00000007fd500000, 0x00000007fd500000| Untracked 
|  86|0x00000007fd600000, 0x00000007fd600000, 0x00000007fd700000|  0%| F|  |TAMS 0x00000007fd600000, 0x00000007fd600000| Untracked 
|  87|0x00000007fd700000, 0x00000007fd700000, 0x00000007fd800000|  0%| F|  |TAMS 0x00000007fd700000, 0x00000007fd700000| Untracked 
|  88|0x00000007fd800000, 0x00000007fd800000, 0x00000007fd900000|  0%| F|  |TAMS 0x00000007fd800000, 0x00000007fd800000| Untracked 
|  89|0x00000007fd900000, 0x00000007fd900000, 0x00000007fda00000|  0%| F|  |TAMS 0x00000007fd900000, 0x00000007fd900000| Untracked 
|  90|0x00000007fda00000, 0x00000007fda00000, 0x00000007fdb00000|  0%| F|  |TAMS 0x00000007fda00000, 0x00000007fda00000| Untracked 
|  91|0x00000007fdb00000, 0x00000007fdb00000, 0x00000007fdc00000|  0%| F|  |TAMS 0x00000007fdb00000, 0x00000007fdb00000| Untracked 
|  92|0x00000007fdc00000, 0x00000007fdc00000, 0x00000007fdd00000|  0%| F|  |TAMS 0x00000007fdc00000, 0x00000007fdc00000| Untracked 
|  93|0x00000007fdd00000, 0x00000007fdd00000, 0x00000007fde00000|  0%| F|  |TAMS 0x00000007fdd00000, 0x00000007fdd00000| Untracked 
|  94|0x00000007fde00000, 0x00000007fde00000, 0x00000007fdf00000|  0%| F|  |TAMS 0x00000007fde00000, 0x00000007fde00000| Untracked 
|  95|0x00000007fdf00000, 0x00000007fdf00000, 0x00000007fe000000|  0%| F|  |TAMS 0x00000007fdf00000, 0x00000007fdf00000| Untracked 
|  96|0x00000007fe000000, 0x00000007fe000000, 0x00000007fe100000|  0%| F|  |TAMS 0x00000007fe000000, 0x00000007fe000000| Untracked 
|  97|0x00000007fe100000, 0x00000007fe100000, 0x00000007fe200000|  0%| F|  |TAMS 0x00000007fe100000, 0x00000007fe100000| Untracked 
|  98|0x00000007fe200000, 0x00000007fe200000, 0x00000007fe300000|  0%| F|  |TAMS 0x00000007fe200000, 0x00000007fe200000| Untracked 
|  99|0x00000007fe300000, 0x00000007fe300000, 0x00000007fe400000|  0%| F|  |TAMS 0x00000007fe300000, 0x00000007fe300000| Untracked 
| 100|0x00000007fe400000, 0x00000007fe400000, 0x00000007fe500000|  0%| F|  |TAMS 0x00000007fe400000, 0x00000007fe400000| Untracked 
| 101|0x00000007fe500000, 0x00000007fe500000, 0x00000007fe600000|  0%| F|  |TAMS 0x00000007fe500000, 0x00000007fe500000| Untracked 
| 102|0x00000007fe600000, 0x00000007fe600000, 0x00000007fe700000|  0%| F|  |TAMS 0x00000007fe600000, 0x00000007fe600000| Untracked 
| 103|0x00000007fe700000, 0x00000007fe700000, 0x00000007fe800000|  0%| F|  |TAMS 0x00000007fe700000, 0x00000007fe700000| Untracked 
| 104|0x00000007fe800000, 0x00000007fe800000, 0x00000007fe900000|  0%| F|  |TAMS 0x00000007fe800000, 0x00000007fe800000| Untracked 
| 105|0x00000007fe900000, 0x00000007fe900000, 0x00000007fea00000|  0%| F|  |TAMS 0x00000007fe900000, 0x00000007fe900000| Untracked 
| 106|0x00000007fea00000, 0x00000007fea00000, 0x00000007feb00000|  0%| F|  |TAMS 0x00000007fea00000, 0x00000007fea00000| Untracked 
| 107|0x00000007feb00000, 0x00000007feb00000, 0x00000007fec00000|  0%| F|  |TAMS 0x00000007feb00000, 0x00000007feb00000| Untracked 
| 108|0x00000007fec00000, 0x00000007fec00000, 0x00000007fed00000|  0%| F|  |TAMS 0x00000007fec00000, 0x00000007fec00000| Untracked 
| 109|0x00000007fed00000, 0x00000007fed00000, 0x00000007fee00000|  0%| F|  |TAMS 0x00000007fed00000, 0x00000007fed00000| Untracked 
| 110|0x00000007fee00000, 0x00000007fee00000, 0x00000007fef00000|  0%| F|  |TAMS 0x00000007fee00000, 0x00000007fee00000| Untracked 
| 111|0x00000007fef00000, 0x00000007fef00000, 0x00000007ff000000|  0%| F|  |TAMS 0x00000007fef00000, 0x00000007fef00000| Untracked 
| 112|0x00000007ff000000, 0x00000007ff000000, 0x00000007ff100000|  0%| F|  |TAMS 0x00000007ff000000, 0x00000007ff000000| Untracked 
| 113|0x00000007ff100000, 0x00000007ff100000, 0x00000007ff200000|  0%| F|  |TAMS 0x00000007ff100000, 0x00000007ff100000| Untracked 
| 114|0x00000007ff200000, 0x00000007ff200000, 0x00000007ff300000|  0%| F|  |TAMS 0x00000007ff200000, 0x00000007ff200000| Untracked 
| 115|0x00000007ff300000, 0x00000007ff300000, 0x00000007ff400000|  0%| F|  |TAMS 0x00000007ff300000, 0x00000007ff300000| Untracked 
| 116|0x00000007ff400000, 0x00000007ff400000, 0x00000007ff500000|  0%| F|  |TAMS 0x00000007ff400000, 0x00000007ff400000| Untracked 
| 117|0x00000007ff500000, 0x00000007ff500000, 0x00000007ff600000|  0%| F|  |TAMS 0x00000007ff500000, 0x00000007ff500000| Untracked 
| 118|0x00000007ff600000, 0x00000007ff600000, 0x00000007ff700000|  0%| F|  |TAMS 0x00000007ff600000, 0x00000007ff600000| Untracked 
| 119|0x00000007ff700000, 0x00000007ff700000, 0x00000007ff800000|  0%| F|  |TAMS 0x00000007ff700000, 0x00000007ff700000| Untracked 
| 120|0x00000007ff800000, 0x00000007ff800000, 0x00000007ff900000|  0%| F|  |TAMS 0x00000007ff800000, 0x00000007ff800000| Untracked 
| 121|0x00000007ff900000, 0x00000007ff900000, 0x00000007ffa00000|  0%| F|  |TAMS 0x00000007ff900000, 0x00000007ff900000| Untracked 
| 122|0x00000007ffa00000, 0x00000007ffa00000, 0x00000007ffb00000|  0%| F|  |TAMS 0x00000007ffa00000, 0x00000007ffa00000| Untracked 
| 123|0x00000007ffb00000, 0x00000007ffb00000, 0x00000007ffc00000|  0%| F|  |TAMS 0x00000007ffb00000, 0x00000007ffb00000| Untracked 
| 124|0x00000007ffc00000, 0x00000007ffc00000, 0x00000007ffd00000|  0%| F|  |TAMS 0x00000007ffc00000, 0x00000007ffc00000| Untracked 
| 125|0x00000007ffd00000, 0x00000007ffd7ae20, 0x00000007ffe00000| 48%| E|  |TAMS 0x00000007ffd00000, 0x00000007ffd00000| Complete 
| 126|0x00000007ffe00000, 0x00000007ffe47000, 0x00000007fff00000| 27%|OA|  |TAMS 0x00000007ffe00000, 0x00000007ffe00000| Untracked 
| 127|0x00000007fff00000, 0x00000007fff76000, 0x0000000800000000| 46%|CA|  |TAMS 0x00000007fff00000, 0x00000007fff00000| Untracked 

Card table byte_map: [0x00000001656e0000,0x0000000165720000] _byte_map_base: 0x0000000161720000

Marking Bits (Prev, Next): (CMBitMap*) 0x00007feeb9124818, (CMBitMap*) 0x00007feeb9124858
 Prev Bits: [0x0000000165760000, 0x0000000165960000)
 Next Bits: [0x0000000165960000, 0x0000000165b60000)

Polling page: 0x00000001485aa000

Metaspace:

Usage:
  Non-class:      4.00 MB capacity,    64 bytes ( <1%) used,     4.00 MB (>99%) free+waste,    64 bytes ( <1%) overhead. 
      Class:    384.00 KB capacity,     2.00 KB ( <1%) used,   381.94 KB (>99%) free+waste,    64 bytes ( <1%) overhead. 
       Both:      4.38 MB capacity,     2.06 KB ( <1%) used,     4.37 MB (>99%) free+waste,   128 bytes ( <1%) overhead. 

Virtual space:
  Non-class space:        8.00 MB reserved,       4.00 MB ( 50%) committed 
      Class space:        1.00 GB reserved,     384.00 KB ( <1%) committed 
             Both:        1.01 GB reserved,       4.38 MB ( <1%) committed 

Chunk freelists:
   Non-Class:  0 bytes
       Class:  0 bytes
        Both:  0 bytes

MaxMetaspaceSize: unlimited
CompressedClassSpaceSize: 1.00 GB

CodeHeap 'non-profiled nmethods': size=120032Kb used=0Kb max_used=0Kb free=120032Kb
 bounds [0x000000015df92000, 0x000000015e202000, 0x00000001654ca000]
CodeHeap 'profiled nmethods': size=120028Kb used=0Kb max_used=0Kb free=120028Kb
 bounds [0x0000000156a5b000, 0x0000000156ccb000, 0x000000015df92000]
CodeHeap 'non-nmethods': size=5700Kb used=356Kb max_used=356Kb free=5343Kb
 bounds [0x00000001564ca000, 0x000000015673a000, 0x0000000156a5b000]
 total_blobs=154 nmethods=0 adapters=113
 compilation: enabled
              stopped_count=0, restarted_count=0
 full_count=0

Compilation events (0 events):
No events

GC Heap History (0 events):
No events

Deoptimization events (0 events):
No events

Classes unloaded (0 events):
No events

Classes redefined (0 events):
No events

Internal exceptions (19 events):
Event: 0.017 Thread 0x00007feebf20a000 Exception <a 'java/lang/StackOverflowError'{0x00000007ffd01a08}> (0x00000007ffd01a08) 
thrown [/scratch/mesos/slaves/00f4d7f9-7805-4b6a-aef8-9bb130db2435-S1094/frameworks/1735e8a2-a1db-478c-8104-60c8b0af87dd-0196/executors/eddc5266-d03a-4ae6-82be-d5fd2a265e61/runs/b58a14f2-654d-4800-bdff-0265897a40f0/workspace/open/src/hotspot/share/runtime/javaCalls.cpp, line 417]
Event: 0.017 Thread 0x00007feebf20a000 Exception <a 'java/lang/StackOverflowError'{0x00000007ffd01d58}> (0x00000007ffd01d58) 
thrown [/scratch/mesos/slaves/00f4d7f9-7805-4b6a-aef8-9bb130db2435-S1094/frameworks/1735e8a2-a1db-478c-8104-60c8b0af87dd-0196/executors/eddc5266-d03a-4ae6-82be-d5fd2a265e61/runs/b58a14f2-654d-4800-bdff-0265897a40f0/workspace/open/src/hotspot/share/runtime/javaCalls.cpp, line 417]
Event: 0.017 Thread 0x00007feebf20a000 Exception <a 'java/lang/StackOverflowError'{0x00000007ffd01d58}> (0x00000007ffd01d58) 
thrown [/scratch/mesos/slaves/00f4d7f9-7805-4b6a-aef8-9bb130db2435-S1094/frameworks/1735e8a2-a1db-478c-8104-60c8b0af87dd-0196/executors/eddc5266-d03a-4ae6-82be-d5fd2a265e61/runs/b58a14f2-654d-4800-bdff-0265897a40f0/workspace/open/src/hotspot/share/runtime/objectMonitor.cpp, line 1498]
Event: 0.017 Thread 0x00007feebf20a000 Exception <a 'java/lang/StackOverflowError'{0x00000007ffd02050}> (0x00000007ffd02050) 
thrown [/scratch/mesos/slaves/00f4d7f9-7805-4b6a-aef8-9bb130db2435-S1094/frameworks/1735e8a2-a1db-478c-8104-60c8b0af87dd-0196/executors/eddc5266-d03a-4ae6-82be-d5fd2a265e61/runs/b58a14f2-654d-4800-bdff-0265897a40f0/workspace/open/src/hotspot/share/runtime/javaCalls.cpp, line 417]
Event: 0.017 Thread 0x00007feebf20a000 Exception <a 'java/lang/StackOverflowError'{0x00000007ffd02050}> (0x00000007ffd02050) 
thrown [/scratch/mesos/slaves/00f4d7f9-7805-4b6a-aef8-9bb130db2435-S1094/frameworks/1735e8a2-a1db-478c-8104-60c8b0af87dd-0196/executors/eddc5266-d03a-4ae6-82be-d5fd2a265e61/runs/b58a14f2-654d-4800-bdff-0265897a40f0/workspace/open/src/hotspot/share/runtime/objectMonitor.cpp, line 1498]
Event: 0.017 Thread 0x00007feebf20a000 Exception <a 'java/lang/StackOverflowError'{0x00000007ffd01d58}> (0x00000007ffd01d58) 
thrown [/scratch/mesos/slaves/00f4d7f9-7805-4b6a-aef8-9bb130db2435-S1094/frameworks/1735e8a2-a1db-478c-8104-60c8b0af87dd-0196/executors/eddc5266-d03a-4ae6-82be-d5fd2a265e61/runs/b58a14f2-654d-4800-bdff-0265897a40f0/workspace/open/src/hotspot/share/oops/instanceKlass.cpp, line 1014]
Event: 0.017 Thread 0x00007feebf20a000 Exception <a 'java/lang/StackOverflowError'{0x00000007ffd02348}> (0x00000007ffd02348) 
thrown [/scratch/mesos/slaves/00f4d7f9-7805-4b6a-aef8-9bb130db2435-S1094/frameworks/1735e8a2-a1db-478c-8104-60c8b0af87dd-0196/executors/eddc5266-d03a-4ae6-82be-d5fd2a265e61/runs/b58a14f2-654d-4800-bdff-0265897a40f0/workspace/open/src/hotspot/share/runtime/javaCalls.cpp, line 417]
Event: 0.017 Thread 0x00007feebf20a000 Exception <a 'java/lang/StackOverflowError'{0x00000007ffd02348}> (0x00000007ffd02348) 
thrown [/scratch/mesos/slaves/00f4d7f9-7805-4b6a-aef8-9bb130db2435-S1094/frameworks/1735e8a2-a1db-478c-8104-60c8b0af87dd-0196/executors/eddc5266-d03a-4ae6-82be-d5fd2a265e61/runs/b58a14f2-654d-4800-bdff-0265897a40f0/workspace/open/src/hotspot/share/runtime/objectMonitor.cpp, line 1498]
Event: 0.017 Thread 0x00007feebf20a000 Exception <a 'java/lang/StackOverflowError'{0x00000007ffd01d58}> (0x00000007ffd01d58) 
thrown [/scratch/mesos/slaves/00f4d7f9-7805-4b6a-aef8-9bb130db2435-S1094/frameworks/1735e8a2-a1db-478c-8104-60c8b0af87dd-0196/executors/eddc5266-d03a-4ae6-82be-d5fd2a265e61/runs/b58a14f2-654d-4800-bdff-0265897a40f0/workspace/open/src/hotspot/share/oops/instanceKlass.cpp, line 1014]
Event: 0.017 Thread 0x00007feebf20a000 Exception <a 'java/lang/StackOverflowError'{0x00000007ffd01d58}: Could not initialize class java.lang.Object> (0x00000007ffd01d58) 
thrown [/scratch/mesos/slaves/00f4d7f9-7805-4b6a-aef8-9bb130db2435-S1094/frameworks/1735e8a2-a1db-478c-8104-60c8b0af87dd-0196/executors/eddc5266-d03a-4ae6-82be-d5fd2a265e61/runs/b58a14f2-654d-4800-bdff-0265897a40f0/workspace/open/src/hotspot/share/oops/instanceKlass.cpp, line 978]
Event: 0.017 Thread 0x00007feebf20a000 Exception <a 'java/lang/StackOverflowError'{0x00000007ffd02640}> (0x00000007ffd02640) 
thrown [/scratch/mesos/slaves/00f4d7f9-7805-4b6a-aef8-9bb130db2435-S1094/frameworks/1735e8a2-a1db-478c-8104-60c8b0af87dd-0196/executors/eddc5266-d03a-4ae6-82be-d5fd2a265e61/runs/b58a14f2-654d-4800-bdff-0265897a40f0/workspace/open/src/hotspot/share/runtime/javaCalls.cpp, line 417]
Event: 0.017 Thread 0x00007feebf20a000 Exception <a 'java/lang/StackOverflowError'{0x00000007ffd02640}> (0x00000007ffd02640) 
thrown [/scratch/mesos/slaves/00f4d7f9-7805-4b6a-aef8-9bb130db2435-S1094/frameworks/1735e8a2-a1db-478c-8104-60c8b0af87dd-0196/executors/eddc5266-d03a-4ae6-82be-d5fd2a265e61/runs/b58a14f2-654d-4800-bdff-0265897a40f0/workspace/open/src/hotspot/share/runtime/objectMonitor.cpp, line 1498]
Event: 0.017 Thread 0x00007feebf20a000 Exception <a 'java/lang/StackOverflowError'{0x00000007ffd01d58}> (0x00000007ffd01d58) 
thrown [/scratch/mesos/slaves/00f4d7f9-7805-4b6a-aef8-9bb130db2435-S1094/frameworks/1735e8a2-a1db-478c-8104-60c8b0af87dd-0196/executors/eddc5266-d03a-4ae6-82be-d5fd2a265e61/runs/b58a14f2-654d-4800-bdff-0265897a40f0/workspace/open/src/hotspot/share/oops/instanceKlass.cpp, line 1014]
Event: 0.017 Thread 0x00007feebf20a000 Exception <a 'java/lang/StackOverflowError'{0x00000007ffd02938}> (0x00000007ffd02938) 
thrown [/scratch/mesos/slaves/00f4d7f9-7805-4b6a-aef8-9bb130db2435-S1094/frameworks/1735e8a2-a1db-478c-8104-60c8b0af87dd-0196/executors/eddc5266-d03a-4ae6-82be-d5fd2a265e61/runs/b58a14f2-654d-4800-bdff-0265897a40f0/workspace/open/src/hotspot/share/runtime/javaCalls.cpp, line 417]
Event: 0.017 Thread 0x00007feebf20a000 Exception <a 'java/lang/StackOverflowError'{0x00000007ffd02938}> (0x00000007ffd02938) 
thrown [/scratch/mesos/slaves/00f4d7f9-7805-4b6a-aef8-9bb130db2435-S1094/frameworks/1735e8a2-a1db-478c-8104-60c8b0af87dd-0196/executors/eddc5266-d03a-4ae6-82be-d5fd2a265e61/runs/b58a14f2-654d-4800-bdff-0265897a40f0/workspace/open/src/hotspot/share/runtime/objectMonitor.cpp, line 1498]
Event: 0.017 Thread 0x00007feebf20a000 Exception <a 'java/lang/StackOverflowError'{0x00000007ffd01d58}> (0x00000007ffd01d58) 
thrown [/scratch/mesos/slaves/00f4d7f9-7805-4b6a-aef8-9bb130db2435-S1094/frameworks/1735e8a2-a1db-478c-8104-60c8b0af87dd-0196/executors/eddc5266-d03a-4ae6-82be-d5fd2a265e61/runs/b58a14f2-654d-4800-bdff-0265897a40f0/workspace/open/src/hotspot/share/oops/instanceKlass.cpp, line 1014]
Event: 0.017 Thread 0x00007feebf20a000 Exception <a 'java/lang/StackOverflowError'{0x00000007ffd02c30}> (0x00000007ffd02c30) 
thrown [/scratch/mesos/slaves/00f4d7f9-7805-4b6a-aef8-9bb130db2435-S1094/frameworks/1735e8a2-a1db-478c-8104-60c8b0af87dd-0196/executors/eddc5266-d03a-4ae6-82be-d5fd2a265e61/runs/b58a14f2-654d-4800-bdff-0265897a40f0/workspace/open/src/hotspot/share/runtime/javaCalls.cpp, line 417]
Event: 0.017 Thread 0x00007feebf20a000 Exception <a 'java/lang/StackOverflowError'{0x00000007ffd02c30}> (0x00000007ffd02c30) 
thrown [/scratch/mesos/slaves/00f4d7f9-7805-4b6a-aef8-9bb130db2435-S1094/frameworks/1735e8a2-a1db-478c-8104-60c8b0af87dd-0196/executors/eddc5266-d03a-4ae6-82be-d5fd2a265e61/runs/b58a14f2-654d-4800-bdff-0265897a40f0/workspace/open/src/hotspot/share/runtime/objectMonitor.cpp, line 1498]
Event: 0.017 Thread 0x00007feebf20a000 Exception <a 'java/lang/StackOverflowError'{0x00000007ffd01d58}> (0x00000007ffd01d58) 
thrown [/scratch/mesos/slaves/00f4d7f9-7805-4b6a-aef8-9bb130db2435-S1094/frameworks/1735e8a2-a1db-478c-8104-60c8b0af87dd-0196/executors/eddc5266-d03a-4ae6-82be-d5fd2a265e61/runs/b58a14f2-654d-4800-bdff-0265897a40f0/workspace/open/src/hotspot/share/oops/instanceKlass.cpp, line 1014]

Events (10 events):
Event: 0.006 Protecting memory [0x00007ffee4443000,0x00007ffee4447000] with protection modes 0
Event: 0.006 Loaded shared library /Library/Java/JavaVirtualMachines/openjdk-13.jdk/Contents/Home/lib/libzip.dylib
Event: 0.007 Loaded shared library /Library/Java/JavaVirtualMachines/openjdk-13.jdk/Contents/Home/lib/libjimage.dylib
Event: 0.007 Loading shared library /Library/Java/JavaVirtualMachines/openjdk-13.jdk/Contents/Home/lib/libjava.base-coop.dylib failed, dlopen(/Library/Java/JavaVirtualMachines/openjdk-13.jdk/Contents/Home/lib/libjava.base-coop.dylib, 1): image not found
Event: 0.007 Loading shared library /Library/Java/JavaVirtualMachines/openjdk-13.jdk/Contents/Home/lib/libjava.logging-coop.dylib failed, dlopen(/Library/Java/JavaVirtualMachines/openjdk-13.jdk/Contents/Home/lib/libjava.logging-coop.dylib, 1): image not found
Event: 0.007 Loading shared library /Library/Java/JavaVirtualMachines/openjdk-13.jdk/Contents/Home/lib/libjdk.compiler-coop.dylib failed, dlopen(/Library/Java/JavaVirtualMachines/openjdk-13.jdk/Contents/Home/lib/libjdk.compiler-coop.dylib, 1): image not found
Event: 0.008 Loading shared library /Library/Java/JavaVirtualMachines/openjdk-13.jdk/Contents/Home/lib/libjdk.scripting.nashorn-coop.dylib failed, dlopen(/Library/Java/JavaVirtualMachines/openjdk-13.jdk/Contents/Home/lib/libjdk.scripting.nashorn-coop.dylib, 1): image 
Event: 0.008 Loading shared library /Library/Java/JavaVirtualMachines/openjdk-13.jdk/Contents/Home/lib/libjdk.internal.vm.ci-coop.dylib failed, dlopen(/Library/Java/JavaVirtualMachines/openjdk-13.jdk/Contents/Home/lib/libjdk.internal.vm.ci-coop.dylib, 1): image not fo
Event: 0.008 Loading shared library /Library/Java/JavaVirtualMachines/openjdk-13.jdk/Contents/Home/lib/libjdk.internal.vm.compiler-coop.dylib failed, dlopen(/Library/Java/JavaVirtualMachines/openjdk-13.jdk/Contents/Home/lib/libjdk.internal.vm.compiler-coop.dylib, 1): 
Event: 0.017 Thread 0x00007feebf20a000 Thread added: 0x00007feebf20a000


Dynamic libraries:
0x000000010afc6000 	/Applications/Julia-1.5.app/Contents/Resources/julia/lib/libjulia.1.5.dylib
0x00007fff34cde000 	/System/Library/Frameworks/CoreFoundation.framework/Versions/A/CoreFoundation
0x00007fff6c097000 	/usr/lib/libc++.1.dylib
0x00007fff6bdb1000 	/usr/lib/libSystem.B.dylib
0x000000010b606000 	/Applications/Julia-1.5.app/Contents/Resources/julia/lib/julia/libosxunwind.dylib
0x000000010b620000 	/Applications/Julia-1.5.app/Contents/Resources/julia/lib/julia/libLLVM.dylib
0x00007fff6ebac000 	/usr/lib/system/libcache.dylib
0x00007fff6ebb2000 	/usr/lib/system/libcommonCrypto.dylib
0x00007fff6ebbe000 	/usr/lib/system/libcompiler_rt.dylib
0x00007fff6ebc6000 	/usr/lib/system/libcopyfile.dylib
0x00007fff6ebd0000 	/usr/lib/system/libcorecrypto.dylib
0x00007fff6ed6f000 	/usr/lib/system/libdispatch.dylib
0x00007fff6edb0000 	/usr/lib/system/libdyld.dylib
0x00007fff6ede7000 	/usr/lib/system/libkeymgr.dylib
0x00007fff6edf5000 	/usr/lib/system/liblaunch.dylib
0x00007fff6edf6000 	/usr/lib/system/libmacho.dylib
0x00007fff6edfc000 	/usr/lib/system/libquarantine.dylib
0x00007fff6edff000 	/usr/lib/system/libremovefile.dylib
0x00007fff6ee01000 	/usr/lib/system/libsystem_asl.dylib
0x00007fff6ee19000 	/usr/lib/system/libsystem_blocks.dylib
0x00007fff6ee1a000 	/usr/lib/system/libsystem_c.dylib
0x00007fff6eea2000 	/usr/lib/system/libsystem_configuration.dylib
0x00007fff6eea6000 	/usr/lib/system/libsystem_coreservices.dylib
0x00007fff6eeaa000 	/usr/lib/system/libsystem_darwin.dylib
0x00007fff6eeb3000 	/usr/lib/system/libsystem_dnssd.dylib
0x00007fff6eebb000 	/usr/lib/system/libsystem_featureflags.dylib
0x00007fff6eebd000 	/usr/lib/system/libsystem_info.dylib
0x00007fff6ef38000 	/usr/lib/system/libsystem_m.dylib
0x00007fff6ef80000 	/usr/lib/system/libsystem_malloc.dylib
0x00007fff6efa8000 	/usr/lib/system/libsystem_networkextension.dylib
0x00007fff6efb6000 	/usr/lib/system/libsystem_notify.dylib
0x00007fff6efd4000 	/usr/lib/system/libsystem_sandbox.dylib
0x00007fff6efd9000 	/usr/lib/system/libsystem_secinit.dylib
0x00007fff6ef0b000 	/usr/lib/system/libsystem_kernel.dylib
0x00007fff6efc0000 	/usr/lib/system/libsystem_platform.dylib
0x00007fff6efc9000 	/usr/lib/system/libsystem_pthread.dylib
0x00007fff6efdc000 	/usr/lib/system/libsystem_symptoms.dylib
0x00007fff6efe4000 	/usr/lib/system/libsystem_trace.dylib
0x00007fff6effc000 	/usr/lib/system/libunwind.dylib
0x00007fff6f002000 	/usr/lib/system/libxpc.dylib
0x00007fff6dc0f000 	/usr/lib/libobjc.A.dylib
0x00007fff6c0ea000 	/usr/lib/libc++abi.dylib
0x00007fff6cb69000 	/usr/lib/libfakelink.dylib
0x00007fff6b8db000 	/usr/lib/libDiagnosticMessagesClient.dylib
0x00007fff6cc7b000 	/usr/lib/libicucore.A.dylib
0x00007fff6e2eb000 	/usr/lib/libz.1.dylib
0x0000000110b5f000 	/Applications/Julia-1.5.app/Contents/Resources/julia/lib/julia/sys.dylib
0x000000010f3a9000 	/Applications/Julia-1.5.app/Contents/Resources/julia/lib/julia/libpcre2-8.0.dylib
0x000000010f57d000 	/Applications/Julia-1.5.app/Contents/Resources/julia/lib/julia/libgmp.10.dylib
0x000000010f61c000 	/Applications/Julia-1.5.app/Contents/Resources/julia/lib/julia/libmpfr.6.dylib
0x000000011e258000 	/Applications/Julia-1.5.app/Contents/Resources/julia/lib/julia/libopenblas64_.0.3.9.dylib
0x000000010f6aa000 	/Applications/Julia-1.5.app/Contents/Resources/julia/lib/julia/libgfortran.5.dylib
0x000000010f999000 	/Applications/Julia-1.5.app/Contents/Resources/julia/lib/julia/libquadmath.0.dylib
0x000000010f9e9000 	/Applications/Julia-1.5.app/Contents/Resources/julia/lib/julia/libgcc_s.1.dylib
0x000000010fa0f000 	/Applications/Julia-1.5.app/Contents/Resources/julia/lib/julia/libcholmod.3.0.13.dylib
0x000000010fb2d000 	/Applications/Julia-1.5.app/Contents/Resources/julia/lib/julia/libamd.2.4.6.dylib
0x000000010fb3d000 	/Applications/Julia-1.5.app/Contents/Resources/julia/lib/julia/libcolamd.2.9.6.dylib
0x000000010fb4b000 	/Applications/Julia-1.5.app/Contents/Resources/julia/lib/julia/libsuitesparseconfig.5.4.0.dylib
0x000000010fb53000 	/Applications/Julia-1.5.app/Contents/Resources/julia/lib/julia/libccolamd.2.9.6.dylib
0x000000010fb67000 	/Applications/Julia-1.5.app/Contents/Resources/julia/lib/julia/libcamd.2.4.6.dylib
0x000000010fb78000 	/Applications/Julia-1.5.app/Contents/Resources/julia/lib/julia/libsuitesparse_wrapper.dylib
0x000000010fe7e000 	/Users/geoffryroberts/.julia/artifacts/1807eaae43431e70273559931a8f787260dcae83/lib/libzmq.5.dylib
0x000000010ff32000 	/Users/geoffryroberts/.julia/artifacts/3eb77645f7d75aa5dea2cc66ae88155852f0d735/lib/libmbedcrypto.2.16.8.dylib
0x000000010ffb6000 	/Users/geoffryroberts/.julia/artifacts/3eb77645f7d75aa5dea2cc66ae88155852f0d735/lib/libmbedtls.2.16.8.dylib
0x000000010fff9000 	/Users/geoffryroberts/.julia/artifacts/3eb77645f7d75aa5dea2cc66ae88155852f0d735/lib/libmbedx509.2.16.8.dylib
0x0000000110020000 	/Applications/Julia-1.5.app/Contents/Resources/julia/lib/julia/libdSFMT.dylib
0x00000001373fb000 	/Users/geoffryroberts/.julia/conda/3/lib/libpython3.7m.dylib
0x000000011082c000 	/Users/geoffryroberts/.julia/conda/3/lib/python3.7/lib-dynload/_heapq.cpython-37m-darwin.so
0x0000000110831000 	/Users/geoffryroberts/.julia/conda/3/lib/python3.7/lib-dynload/_opcode.cpython-37m-darwin.so
0x0000000110834000 	/Users/geoffryroberts/.julia/conda/3/lib/python3.7/lib-dynload/_ctypes.cpython-37m-darwin.so
0x0000000110856000 	/Users/geoffryroberts/.julia/conda/3/lib/libffi.6.dylib
0x000000011085f000 	/Users/geoffryroberts/.julia/conda/3/lib/python3.7/lib-dynload/_struct.cpython-37m-darwin.so
0x000000011086e000 	/Users/geoffryroberts/.julia/conda/3/lib/python3.7/lib-dynload/math.cpython-37m-darwin.so
0x000000011087b000 	/Users/geoffryroberts/.julia/conda/3/lib/python3.7/lib-dynload/_datetime.cpython-37m-darwin.so
0x0000000110996000 	/Users/geoffryroberts/.julia/artifacts/857aa8cbc45a01504f6bae1a91afc4ce3d4de5e5/lib/libz.1.2.11.dylib
0x000000013773c000 	/Users/geoffryroberts/.julia/artifacts/aa7e52611c36a5285e028896a66bec8498d3f967/lib/libhdf5.103.dylib
0x00000001109b2000 	/Users/geoffryroberts/.julia/artifacts/aa7e52611c36a5285e028896a66bec8498d3f967/lib/libsz.2.dylib
0x00000001109b6000 	/Users/geoffryroberts/.julia/artifacts/aa7e52611c36a5285e028896a66bec8498d3f967/lib/libaec.0.dylib
0x00000001109bf000 	/Users/geoffryroberts/.julia/artifacts/aa7e52611c36a5285e028896a66bec8498d3f967/lib/libhdf5_hl.100.dylib
0x0000000137caa000 	/Users/geoffryroberts/.julia/artifacts/ba2d78cc2a3413d6c48968deec7fbe116b669e47/lib/libzstd.1.dylib
0x00000001109e8000 	/Users/geoffryroberts/.julia/artifacts/cb5eff0ce4007c8c3328d01bf5f1d95b4233dab9/lib/liblz4.1.9.2.dylib
0x0000000110a11000 	/Users/geoffryroberts/.julia/artifacts/0b49aca0d43c880428e94cb11478decd6b6fcdb7/lib/libblosc.1.14.3.dylib
0x0000000110a2e000 	/Users/geoffryroberts/.julia/conda/3/lib/python3.7/lib-dynload/zlib.cpython-37m-darwin.so
0x0000000110a38000 	/Users/geoffryroberts/.julia/conda/3/lib/python3.7/lib-dynload/_bz2.cpython-37m-darwin.so
0x0000000137f92000 	/Users/geoffryroberts/.julia/conda/3/lib/python3.7/lib-dynload/_lzma.cpython-37m-darwin.so
0x0000000137f9c000 	/Users/geoffryroberts/.julia/conda/3/lib/liblzma.5.dylib
0x0000000110a51000 	/Users/geoffryroberts/.julia/conda/3/lib/python3.7/lib-dynload/grp.cpython-37m-darwin.so
0x0000000110a55000 	/Users/geoffryroberts/.julia/conda/3/lib/python3.7/lib-dynload/_posixsubprocess.cpython-37m-darwin.so
0x0000000137fc2000 	/Users/geoffryroberts/.julia/conda/3/lib/python3.7/lib-dynload/select.cpython-37m-darwin.so
0x0000000137fcb000 	/Users/geoffryroberts/.julia/conda/3/lib/python3.7/lib-dynload/_hashlib.cpython-37m-darwin.so
0x0000000137fd3000 	/Users/geoffryroberts/.julia/conda/3/lib/libcrypto.1.1.dylib
0x0000000138246000 	/Users/geoffryroberts/.julia/conda/3/lib/python3.7/lib-dynload/_blake2.cpython-37m-darwin.so
0x0000000138251000 	/Users/geoffryroberts/.julia/conda/3/lib/python3.7/lib-dynload/_sha3.cpython-37m-darwin.so
0x0000000138268000 	/Users/geoffryroberts/.julia/conda/3/lib/python3.7/lib-dynload/_bisect.cpython-37m-darwin.so
0x000000013826c000 	/Users/geoffryroberts/.julia/conda/3/lib/python3.7/lib-dynload/_random.cpython-37m-darwin.so
0x0000000138270000 	/Users/geoffryroberts/.julia/conda/3/lib/python3.7/site-packages/mkl/_mklinit.cpython-37m-darwin.so
0x0000000138274000 	/Users/geoffryroberts/.julia/conda/3/lib/libmkl_rt.dylib
0x0000000138c5b000 	/Users/geoffryroberts/.julia/conda/3/lib/python3.7/site-packages/mkl/_py_mkl_service.cpython-37m-darwin.so
0x0000000138c77000 	/Users/geoffryroberts/.julia/conda/3/lib/python3.7/site-packages/numpy/core/_multiarray_umath.cpython-37m-darwin.so
0x000000013905b000 	/Users/geoffryroberts/.julia/conda/3/lib/python3.7/lib-dynload/_pickle.cpython-37m-darwin.so
0x000000013907d000 	/Users/geoffryroberts/.julia/conda/3/lib/python3.7/site-packages/numpy/core/_multiarray_tests.cpython-37m-darwin.so
0x0000000139095000 	/Users/geoffryroberts/.julia/conda/3/lib/python3.7/site-packages/numpy/linalg/lapack_lite.cpython-37m-darwin.so
0x000000013909a000 	/Users/geoffryroberts/.julia/conda/3/lib/python3.7/site-packages/numpy/linalg/_umath_linalg.cpython-37m-darwin.so
0x00000001390bb000 	/Users/geoffryroberts/.julia/conda/3/lib/python3.7/lib-dynload/_decimal.cpython-37m-darwin.so
0x0000000139119000 	/Users/geoffryroberts/.julia/conda/3/lib/python3.7/site-packages/numpy/fft/pocketfft_internal.cpython-37m-darwin.so
0x000000013912c000 	/Users/geoffryroberts/.julia/conda/3/lib/python3.7/site-packages/mkl_fft/_pydfti.cpython-37m-darwin.so
0x0000000139185000 	/Users/geoffryroberts/.julia/conda/3/lib/python3.7/site-packages/numpy/random/mtrand.cpython-37m-darwin.so
0x0000000139223000 	/Users/geoffryroberts/.julia/conda/3/lib/python3.7/site-packages/numpy/random/common.cpython-37m-darwin.so
0x000000013925d000 	/Users/geoffryroberts/.julia/conda/3/lib/python3.7/site-packages/numpy/random/bounded_integers.cpython-37m-darwin.so
0x00000001392b9000 	/Users/geoffryroberts/.julia/conda/3/lib/python3.7/site-packages/numpy/random/mt19937.cpython-37m-darwin.so
0x00000001392d4000 	/Users/geoffryroberts/.julia/conda/3/lib/python3.7/site-packages/numpy/random/bit_generator.cpython-37m-darwin.so
0x0000000139302000 	/Users/geoffryroberts/.julia/conda/3/lib/python3.7/lib-dynload/binascii.cpython-37m-darwin.so
0x000000013930a000 	/Users/geoffryroberts/.julia/conda/3/lib/python3.7/site-packages/numpy/random/entropy.cpython-37m-darwin.so
0x0000000139336000 	/Users/geoffryroberts/.julia/conda/3/lib/python3.7/site-packages/numpy/random/philox.cpython-37m-darwin.so
0x000000013934a000 	/Users/geoffryroberts/.julia/conda/3/lib/python3.7/site-packages/numpy/random/pcg64.cpython-37m-darwin.so
0x000000013935c000 	/Users/geoffryroberts/.julia/conda/3/lib/python3.7/site-packages/numpy/random/sfc64.cpython-37m-darwin.so
0x000000013936a000 	/Users/geoffryroberts/.julia/conda/3/lib/python3.7/site-packages/numpy/random/generator.cpython-37m-darwin.so
0x0000000139415000 	/Users/geoffryroberts/.julia/conda/3/lib/libmkl_core.dylib
0x000000013d5f1000 	/Users/geoffryroberts/.julia/conda/3/lib/libiomp5.dylib
0x000000013d799000 	/Users/geoffryroberts/.julia/conda/3/lib/libmkl_intel_thread.dylib
0x000000014045b000 	/Users/geoffryroberts/.julia/conda/3/lib/libmkl_intel_lp64.dylib
0x0000000141979000 	/Users/geoffryroberts/.julia/conda/3/lib/libmkl_avx2.dylib
0x0000000144fab000 	/Users/geoffryroberts/.julia/conda/3/lib/libmkl_vml_avx2.dylib
0x0000000145b84000 	/Users/geoffryroberts/.julia/conda/3/lib/python3.7/lib-dynload/_json.cpython-37m-darwin.so
0x0000000145b90000 	/Users/geoffryroberts/.julia/conda/3/lib/python3.7/site-packages/matplotlib/ft2font.cpython-37m-darwin.so
0x0000000145bab000 	/Users/geoffryroberts/.julia/conda/3/lib/libfreetype.6.dylib
0x0000000145c63000 	/Users/geoffryroberts/.julia/conda/3/lib/libc++.1.0.dylib
0x0000000145d33000 	/Users/geoffryroberts/.julia/conda/3/lib/libpng16.16.dylib
0x0000000145d6a000 	/Users/geoffryroberts/.julia/conda/3/lib/libc++abi.1.0.dylib
0x0000000145db3000 	/Users/geoffryroberts/.julia/conda/3/lib/python3.7/site-packages/kiwisolver.cpython-37m-darwin.so
0x0000000145dda000 	/Users/geoffryroberts/.julia/conda/3/lib/python3.7/lib-dynload/_socket.cpython-37m-darwin.so
0x0000000145df1000 	/Users/geoffryroberts/.julia/conda/3/lib/python3.7/site-packages/matplotlib/_path.cpython-37m-darwin.so
0x0000000145e1f000 	/Users/geoffryroberts/.julia/conda/3/lib/python3.7/lib-dynload/unicodedata.cpython-37m-darwin.so
0x0000000145f24000 	/Users/geoffryroberts/.julia/conda/3/lib/python3.7/site-packages/matplotlib/_image.cpython-37m-darwin.so
0x0000000145f62000 	/Users/geoffryroberts/.julia/conda/3/lib/python3.7/lib-dynload/_uuid.cpython-37m-darwin.so
0x0000000145f65000 	/Users/geoffryroberts/.julia/conda/3/lib/python3.7/lib-dynload/_csv.cpython-37m-darwin.so
0x0000000145f6f000 	/Users/geoffryroberts/.julia/conda/3/lib/python3.7/site-packages/matplotlib/backends/_macosx.cpython-37m-darwin.so
0x00007fff31f91000 	/System/Library/Frameworks/AppKit.framework/Versions/C/AppKit
0x00007fff3515f000 	/System/Library/Frameworks/CoreGraphics.framework/Versions/A/CoreGraphics
0x00007fff3739b000 	/System/Library/Frameworks/Foundation.framework/Versions/C/Foundation
0x00007fff65dc5000 	/System/Library/PrivateFrameworks/UIFoundation.framework/Versions/A/UIFoundation
0x00007fff60e59000 	/System/Library/PrivateFrameworks/RemoteViewServices.framework/Versions/A/RemoteViewServices
0x00007fff68921000 	/System/Library/PrivateFrameworks/XCTTargetBootstrap.framework/Versions/A/XCTTargetBootstrap
0x00007fff34bab000 	/System/Library/Frameworks/CoreDisplay.framework/Versions/A/CoreDisplay
0x00007fff3a255000 	/System/Library/Frameworks/Metal.framework/Versions/A/Metal
0x00007fff4ee4b000 	/System/Library/PrivateFrameworks/DesktopServicesPriv.framework/Versions/A/DesktopServicesPriv
0x00007fff6ceea000 	/usr/lib/liblangid.dylib
0x00007fff4e0e0000 	/System/Library/PrivateFrameworks/CoreSVG.framework/Versions/A/CoreSVG
0x00007fff63fb5000 	/System/Library/PrivateFrameworks/SkyLight.framework/Versions/A/SkyLight
0x00007fff30965000 	/System/Library/Frameworks/Accelerate.framework/Versions/A/Accelerate
0x00007fff6e1dc000 	/usr/lib/libxml2.2.dylib
0x00007fff59dee000 	/System/Library/PrivateFrameworks/IconServices.framework/Versions/A/IconServices
0x00007fff37b7a000 	/System/Library/Frameworks/IOSurface.framework/Versions/A/IOSurface
0x00007fff32da1000 	/System/Library/Frameworks/ApplicationServices.framework/Versions/A/ApplicationServices
0x00007fff4eca5000 	/System/Library/PrivateFrameworks/DFRFoundation.framework/Versions/A/DFRFoundation
0x00007fff330d3000 	/System/Library/Frameworks/AudioToolbox.framework/Versions/A/AudioToolbox
0x00007fff331b6000 	/System/Library/Frameworks/AudioUnit.framework/Versions/A/AudioUnit
0x00007fff6bfb3000 	/usr/lib/libauto.dylib
0x00007fff347c0000 	/System/Library/Frameworks/CoreData.framework/Versions/A/CoreData
0x00007fff4ed47000 	/System/Library/PrivateFrameworks/DataDetectorsCore.framework/Versions/A/DataDetectorsCore
0x00007fff3395d000 	/System/Library/Frameworks/Carbon.framework/Versions/A/Frameworks/HIToolbox.framework/Versions/A/HIToolbox
0x00007fff4082d000 	/System/Library/Frameworks/QuartzCore.framework/Versions/A/QuartzCore
0x00007fff41633000 	/System/Library/Frameworks/Security.framework/Versions/A/Security
0x00007fff33c9c000 	/System/Library/Frameworks/Carbon.framework/Versions/A/Frameworks/SpeechRecognition.framework/Versions/A/SpeechRecognition
0x00007fff4e7b9000 	/System/Library/PrivateFrameworks/CoreUI.framework/Versions/A/CoreUI
0x00007fff3422b000 	/System/Library/Frameworks/CoreAudio.framework/Versions/A/CoreAudio
0x00007fff3705a000 	/System/Library/Frameworks/DiskArbitration.framework/Versions/A/DiskArbitration
0x00007fff5be3e000 	/System/Library/PrivateFrameworks/MultitouchSupport.framework/Versions/A/MultitouchSupport
0x00007fff6cb42000 	/usr/lib/libenergytrace.dylib
0x00007fff37ad4000 	/System/Library/Frameworks/IOKit.framework/Versions/A/IOKit
0x00007fff360c6000 	/System/Library/Frameworks/CoreServices.framework/Versions/A/CoreServices
0x00007fff5dfec000 	/System/Library/PrivateFrameworks/PerformanceAnalysis.framework/Versions/A/PerformanceAnalysis
0x00007fff3f860000 	/System/Library/Frameworks/OpenGL.framework/Versions/A/OpenGL
0x00007fff33e4a000 	/System/Library/Frameworks/ColorSync.framework/Versions/A/ColorSync
0x00007fff357e2000 	/System/Library/Frameworks/CoreImage.framework/Versions/A/CoreImage
0x00007fff36b39000 	/System/Library/Frameworks/CoreText.framework/Versions/A/CoreText
0x00007fff37c0a000 	/System/Library/Frameworks/ImageIO.framework/Versions/A/ImageIO
0x00007fff6c113000 	/usr/lib/libcompression.dylib
0x00007fff6bc1f000 	/usr/lib/libMobileGestalt.dylib
0x00007fff65b2f000 	/System/Library/PrivateFrameworks/TextureIO.framework/Versions/A/TextureIO
0x00007fff6bf16000 	/usr/lib/libate.dylib
0x00007fff59ff7000 	/System/Library/PrivateFrameworks/InternationalSupport.framework/Versions/A/InternationalSupport
0x00007fff6ceec000 	/usr/lib/liblzma.5.dylib
0x00007fff6bea3000 	/usr/lib/libarchive.2.dylib
0x00007fff426e4000 	/System/Library/Frameworks/SystemConfiguration.framework/Versions/A/SystemConfiguration
0x00007fff6b80e000 	/usr/lib/libCRFSuite.dylib
0x00007fff3354d000 	/System/Library/Frameworks/CFNetwork.framework/Versions/A/CFNetwork
0x00007fff6c079000 	/usr/lib/libbsm.0.dylib
0x00007fff6ede8000 	/usr/lib/system/libkxld.dylib
0x00007fff48621000 	/System/Library/PrivateFrameworks/AppleFSCompression.framework/Versions/A/AppleFSCompression
0x00007fff6c404000 	/usr/lib/libcoretls.dylib
0x00007fff6c41b000 	/usr/lib/libcoretls_cfhelpers.dylib
0x00007fff6dc55000 	/usr/lib/libpam.2.dylib
0x00007fff6dd8a000 	/usr/lib/libsqlite3.dylib
0x00007fff6e1c9000 	/usr/lib/libxar.1.dylib
0x00007fff6c08a000 	/usr/lib/libbz2.1.0.dylib
0x00007fff6cb8a000 	/usr/lib/libiconv.2.dylib
0x00007fff6c100000 	/usr/lib/libcharset.1.dylib
0x00007fff6d6f2000 	/usr/lib/libnetwork.dylib
0x00007fff6dc5c000 	/usr/lib/libpcap.A.dylib
0x00007fff6be58000 	/usr/lib/libapple_nghttp2.dylib
0x00007fff3647d000 	/System/Library/Frameworks/CoreServices.framework/Versions/A/Frameworks/FSEvents.framework/Versions/A/FSEvents
0x00007fff3614d000 	/System/Library/Frameworks/CoreServices.framework/Versions/A/Frameworks/CarbonCore.framework/Versions/A/CarbonCore
0x00007fff366c1000 	/System/Library/Frameworks/CoreServices.framework/Versions/A/Frameworks/Metadata.framework/Versions/A/Metadata
0x00007fff3675a000 	/System/Library/Frameworks/CoreServices.framework/Versions/A/Frameworks/OSServices.framework/Versions/A/OSServices
0x00007fff36788000 	/System/Library/Frameworks/CoreServices.framework/Versions/A/Frameworks/SearchKit.framework/Versions/A/SearchKit
0x00007fff360c7000 	/System/Library/Frameworks/CoreServices.framework/Versions/A/Frameworks/AE.framework/Versions/A/AE
0x00007fff36486000 	/System/Library/Frameworks/CoreServices.framework/Versions/A/Frameworks/LaunchServices.framework/Versions/A/LaunchServices
0x00007fff3642f000 	/System/Library/Frameworks/CoreServices.framework/Versions/A/Frameworks/DictionaryServices.framework/Versions/A/DictionaryServices
0x00007fff367f0000 	/System/Library/Frameworks/CoreServices.framework/Versions/A/Frameworks/SharedFileList.framework/Versions/A/SharedFileList
0x00007fff3b67f000 	/System/Library/Frameworks/NetFS.framework/Versions/A/NetFS
0x00007fff5c36e000 	/System/Library/PrivateFrameworks/NetAuth.framework/Versions/A/NetAuth
0x00007fff68cee000 	/System/Library/PrivateFrameworks/login.framework/Versions/A/Frameworks/loginsupport.framework/Versions/A/loginsupport
0x00007fff655fa000 	/System/Library/PrivateFrameworks/TCC.framework/Versions/A/TCC
0x00007fff4d253000 	/System/Library/PrivateFrameworks/CoreNLP.framework/Versions/A/CoreNLP
0x00007fff5b86b000 	/System/Library/PrivateFrameworks/MetadataUtilities.framework/Versions/A/MetadataUtilities
0x00007fff6cfc4000 	/usr/lib/libmecabra.dylib
0x00007fff6cf1c000 	/usr/lib/libmecab.dylib
0x00007fff6cb7a000 	/usr/lib/libgermantok.dylib
0x00007fff6be3f000 	/usr/lib/libThaiTokenizer.dylib
0x00007fff6b845000 	/usr/lib/libChineseTokenizer.dylib
0x00007fff3097d000 	/System/Library/Frameworks/Accelerate.framework/Versions/A/Frameworks/vImage.framework/Versions/A/vImage
0x00007fff31de7000 	/System/Library/Frameworks/Accelerate.framework/Versions/A/Frameworks/vecLib.framework/Versions/A/vecLib
0x00007fff31d24000 	/System/Library/Frameworks/Accelerate.framework/Versions/A/Frameworks/vecLib.framework/Versions/A/libvMisc.dylib
0x00007fff31b4c000 	/System/Library/Frameworks/Accelerate.framework/Versions/A/Frameworks/vecLib.framework/Versions/A/libvDSP.dylib
0x00007fff30fd4000 	/System/Library/Frameworks/Accelerate.framework/Versions/A/Frameworks/vecLib.framework/Versions/A/libBLAS.dylib
0x00007fff31710000 	/System/Library/Frameworks/Accelerate.framework/Versions/A/Frameworks/vecLib.framework/Versions/A/libLAPACK.dylib
0x00007fff31aac000 	/System/Library/Frameworks/Accelerate.framework/Versions/A/Frameworks/vecLib.framework/Versions/A/libLinearAlgebra.dylib
0x00007fff31b39000 	/System/Library/Frameworks/Accelerate.framework/Versions/A/Frameworks/vecLib.framework/Versions/A/libSparseBLAS.dylib
0x00007fff31ac2000 	/System/Library/Frameworks/Accelerate.framework/Versions/A/Frameworks/vecLib.framework/Versions/A/libQuadrature.dylib
0x00007fff3123c000 	/System/Library/Frameworks/Accelerate.framework/Versions/A/Frameworks/vecLib.framework/Versions/A/libBNNS.dylib
0x00007fff31ac8000 	/System/Library/Frameworks/Accelerate.framework/Versions/A/Frameworks/vecLib.framework/Versions/A/libSparse.dylib
0x00007fff5a3df000 	/System/Library/PrivateFrameworks/LanguageModeling.framework/Versions/A/LanguageModeling
0x00007fff4cc03000 	/System/Library/PrivateFrameworks/CoreEmoji.framework/Versions/A/CoreEmoji
0x00007fff5a4fd000 	/System/Library/PrivateFrameworks/LinguisticData.framework/Versions/A/LinguisticData
0x00007fff5a4ae000 	/System/Library/PrivateFrameworks/Lexicon.framework/Versions/A/Lexicon
0x00007fff6c101000 	/usr/lib/libcmph.dylib
0x00007fff3e26e000 	/System/Library/Frameworks/OpenDirectory.framework/Versions/A/Frameworks/CFOpenDirectory.framework/Versions/A/CFOpenDirectory
0x00007fff3e28b000 	/System/Library/Frameworks/OpenDirectory.framework/Versions/A/OpenDirectory
0x00007fff466ce000 	/System/Library/PrivateFrameworks/APFS.framework/Versions/A/APFS
0x00007fff4197d000 	/System/Library/Frameworks/SecurityFoundation.framework/Versions/A/SecurityFoundation
0x00007fff6e1c5000 	/usr/lib/libutil.dylib
0x00007fff4e138000 	/System/Library/PrivateFrameworks/CoreServicesStore.framework/Versions/A/CoreServicesStore
0x00007fff41a34000 	/System/Library/Frameworks/ServiceManagement.framework/Versions/A/ServiceManagement
0x00007fff49df1000 	/System/Library/PrivateFrameworks/BackgroundTaskManagement.framework/Versions/A/BackgroundTaskManagement
0x00007fff6e2c2000 	/usr/lib/libxslt.1.dylib
0x00007fff48c94000 	/System/Library/PrivateFrameworks/AppleSystemInfo.framework/Versions/A/AppleSystemInfo
0x00007fff37e26000 	/System/Library/Frameworks/ImageIO.framework/Versions/A/Resources/libJPEG.dylib
0x00007fff380e3000 	/System/Library/Frameworks/ImageIO.framework/Versions/A/Resources/libTIFF.dylib
0x00007fff380c6000 	/System/Library/Frameworks/ImageIO.framework/Versions/A/Resources/libPng.dylib
0x00007fff37d68000 	/System/Library/Frameworks/ImageIO.framework/Versions/A/Resources/libGIF.dylib
0x00007fff37d6c000 	/System/Library/Frameworks/ImageIO.framework/Versions/A/Resources/libJP2.dylib
0x00007fff380e1000 	/System/Library/Frameworks/ImageIO.framework/Versions/A/Resources/libRadiance.dylib
0x00007fff6cb43000 	/usr/lib/libexpat.1.dylib
0x00007fff4877c000 	/System/Library/PrivateFrameworks/AppleJPEG.framework/Versions/A/AppleJPEG
0x00007fff5144e000 	/System/Library/PrivateFrameworks/FontServices.framework/libFontParser.dylib
0x00007fff67cf0000 	/System/Library/PrivateFrameworks/WatchdogClient.framework/Versions/A/WatchdogClient
0x00007fff59a3a000 	/System/Library/PrivateFrameworks/IOAccelerator.framework/Versions/A/IOAccelerator
0x00007fff3a5f0000 	/System/Library/Frameworks/MetalPerformanceShaders.framework/Versions/A/MetalPerformanceShaders
0x00007fff561ca000 	/System/Library/PrivateFrameworks/GPUWrangler.framework/Versions/A/GPUWrangler
0x00007fff59a4f000 	/System/Library/PrivateFrameworks/IOPresentment.framework/Versions/A/IOPresentment
0x00007fff4ecb8000 	/System/Library/PrivateFrameworks/DSExternalDisplay.framework/Versions/A/DSExternalDisplay
0x00007fff3ebff000 	/System/Library/Frameworks/OpenGL.framework/Versions/A/Libraries/libCoreFSCache.dylib
0x00007fff3a33c000 	/System/Library/Frameworks/MetalPerformanceShaders.framework/Frameworks/MPSCore.framework/Versions/A/MPSCore
0x00007fff3a37a000 	/System/Library/Frameworks/MetalPerformanceShaders.framework/Frameworks/MPSImage.framework/Versions/A/MPSImage
0x00007fff3a441000 	/System/Library/Frameworks/MetalPerformanceShaders.framework/Frameworks/MPSNeuralNetwork.framework/Versions/A/MPSNeuralNetwork
0x00007fff3a405000 	/System/Library/Frameworks/MetalPerformanceShaders.framework/Frameworks/MPSMatrix.framework/Versions/A/MPSMatrix
0x00007fff3a5a0000 	/System/Library/Frameworks/MetalPerformanceShaders.framework/Frameworks/MPSRayIntersector.framework/Versions/A/MPSRayIntersector
0x00007fff3a42b000 	/System/Library/Frameworks/MetalPerformanceShaders.framework/Frameworks/MPSNDArray.framework/Versions/A/MPSNDArray
0x00007fff5b8b8000 	/System/Library/PrivateFrameworks/MetalTools.framework/Versions/A/MetalTools
0x00007fff478a8000 	/System/Library/PrivateFrameworks/AggregateDictionary.framework/Versions/A/AggregateDictionary
0x00007fff4c64b000 	/System/Library/PrivateFrameworks/CoreAnalytics.framework/Versions/A/CoreAnalytics
0x00007fff48bb3000 	/System/Library/PrivateFrameworks/AppleSauce.framework/Versions/A/AppleSauce
0x00007fff6bb01000 	/usr/lib/libIOReport.dylib
0x00007fff36cf1000 	/System/Library/Frameworks/CoreVideo.framework/Versions/A/CoreVideo
0x00007fff57643000 	/System/Library/PrivateFrameworks/GraphVisualizer.framework/Versions/A/GraphVisualizer
0x00007fff50994000 	/System/Library/PrivateFrameworks/FaceCore.framework/Versions/A/FaceCore
0x00007fff3e215000 	/System/Library/Frameworks/OpenCL.framework/Versions/A/OpenCL
0x00007fff6b923000 	/usr/lib/libFosl_dynamic.dylib
0x00007fff5cd84000 	/System/Library/PrivateFrameworks/OTSVG.framework/Versions/A/OTSVG
0x00007fff32ea6000 	/System/Library/Frameworks/ApplicationServices.framework/Versions/A/Frameworks/ATS.framework/Versions/A/Resources/libFontRegistry.dylib
0x00007fff5161e000 	/System/Library/PrivateFrameworks/FontServices.framework/libhvf.dylib
0x00007fff3ec0a000 	/System/Library/Frameworks/OpenGL.framework/Versions/A/Libraries/libGFXShared.dylib
0x00007fff3ede8000 	/System/Library/Frameworks/OpenGL.framework/Versions/A/Libraries/libGLU.dylib
0x00007fff3ec13000 	/System/Library/Frameworks/OpenGL.framework/Versions/A/Libraries/libGL.dylib
0x00007fff3ec1e000 	/System/Library/Frameworks/OpenGL.framework/Versions/A/Libraries/libGLImage.dylib
0x00007fff3ebfc000 	/System/Library/Frameworks/OpenGL.framework/Versions/A/Libraries/libCVMSPluginSupport.dylib
0x00007fff3ec05000 	/System/Library/Frameworks/OpenGL.framework/Versions/A/Libraries/libCoreVMClient.dylib
0x00007fff6d593000 	/usr/lib/libncurses.5.4.dylib
0x00007fff32da2000 	/System/Library/Frameworks/ApplicationServices.framework/Versions/A/Frameworks/ATS.framework/Versions/A/ATS
0x00007fff32f6f000 	/System/Library/Frameworks/ApplicationServices.framework/Versions/A/Frameworks/ColorSyncLegacy.framework/Versions/A/ColorSyncLegacy
0x00007fff3300d000 	/System/Library/Frameworks/ApplicationServices.framework/Versions/A/Frameworks/HIServices.framework/Versions/A/HIServices
0x00007fff33065000 	/System/Library/Frameworks/ApplicationServices.framework/Versions/A/Frameworks/LangAnalysis.framework/Versions/A/LangAnalysis
0x00007fff33074000 	/System/Library/Frameworks/ApplicationServices.framework/Versions/A/Frameworks/PrintCore.framework/Versions/A/PrintCore
0x00007fff330ba000 	/System/Library/Frameworks/ApplicationServices.framework/Versions/A/Frameworks/QD.framework/Versions/A/QD
0x00007fff330c5000 	/System/Library/Frameworks/ApplicationServices.framework/Versions/A/Frameworks/SpeechSynthesis.framework/Versions/A/SpeechSynthesis
0x00007fff32f3f000 	/System/Library/Frameworks/ApplicationServices.framework/Versions/A/Frameworks/ATSUI.framework/Versions/A/ATSUI
0x00007fff6c9d9000 	/usr/lib/libcups.2.dylib
0x00007fff3968b000 	/System/Library/Frameworks/Kerberos.framework/Versions/A/Kerberos
0x00007fff377cd000 	/System/Library/Frameworks/GSS.framework/Versions/A/GSS
0x00007fff6dd16000 	/usr/lib/libresolv.9.dylib
0x00007fff577f0000 	/System/Library/PrivateFrameworks/Heimdal.framework/Versions/A/Heimdal
0x00007fff3969e000 	/System/Library/Frameworks/Kerberos.framework/Versions/A/Libraries/libHeimdalProxy.dylib
0x00007fff6cb80000 	/usr/lib/libheimdal-asn1.dylib
0x00007fff4bae3000 	/System/Library/PrivateFrameworks/CommonAuth.framework/Versions/A/CommonAuth
0x00007fff48d31000 	/System/Library/PrivateFrameworks/AssertionServices.framework/Versions/A/AssertionServices
0x00007fff498d4000 	/System/Library/PrivateFrameworks/AudioToolboxCore.framework/Versions/A/AudioToolboxCore
0x00007fff6899e000 	/System/Library/PrivateFrameworks/caulk.framework/Versions/A/caulk
0x00007fff49e9d000 	/System/Library/PrivateFrameworks/BaseBoard.framework/Versions/A/BaseBoard
0x00007fff60fe7000 	/System/Library/PrivateFrameworks/RunningBoardServices.framework/Versions/A/RunningBoardServices
0x00007fff5dff8000 	/System/Library/PrivateFrameworks/PersistentConnection.framework/Versions/A/PersistentConnection
0x00007fff609e0000 	/System/Library/PrivateFrameworks/ProtocolBuffer.framework/Versions/A/ProtocolBuffer
0x00007fff4bb07000 	/System/Library/PrivateFrameworks/CommonUtilities.framework/Versions/A/CommonUtilities
0x00007fff4a02b000 	/System/Library/PrivateFrameworks/Bom.framework/Versions/A/Bom
0x00007fff6b7d4000 	/usr/lib/libAudioToolboxUtility.dylib
0x00007fff49dfb000 	/System/Library/PrivateFrameworks/Backup.framework/Versions/A/Backup
0x00007fff4ebd9000 	/System/Library/PrivateFrameworks/CrashReporterSupport.framework/Versions/A/CrashReporterSupport
0x00007fff62a79000 	/System/Library/PrivateFrameworks/Sharing.framework/Versions/A/Sharing
0x00007fff4833f000 	/System/Library/PrivateFrameworks/Apple80211.framework/Versions/A/Apple80211
0x00007fff49b18000 	/System/Library/PrivateFrameworks/AuthKit.framework/Versions/A/AuthKit
0x00007fff4e8e6000 	/System/Library/PrivateFrameworks/CoreUtils.framework/Versions/A/CoreUtils
0x00007fff36d36000 	/System/Library/Frameworks/CoreWLAN.framework/Versions/A/CoreWLAN
0x00007fff3795a000 	/System/Library/Frameworks/IOBluetooth.framework/Versions/A/IOBluetooth
0x00007fff5bbbd000 	/System/Library/PrivateFrameworks/MobileKeyBag.framework/Versions/A/MobileKeyBag
0x00007fff4d6eb000 	/System/Library/PrivateFrameworks/CorePhoneNumbers.framework/Versions/A/CorePhoneNumbers
0x00007fff4872f000 	/System/Library/PrivateFrameworks/AppleIDAuthSupport.framework/Versions/A/AppleIDAuthSupport
0x00007fff3b68c000 	/System/Library/Frameworks/Network.framework/Versions/A/Network
0x00007fff5a28b000 	/System/Library/PrivateFrameworks/KeychainCircle.framework/Versions/A/KeychainCircle
0x00007fff34787000 	/System/Library/Frameworks/CoreBluetooth.framework/Versions/A/CoreBluetooth
0x00007fff64af8000 	/System/Library/PrivateFrameworks/SpeechRecognitionCore.framework/Versions/A/SpeechRecognitionCore
0x0000000145f83000 	/Users/geoffryroberts/.julia/conda/3/lib/python3.7/site-packages/matplotlib/backends/_backend_agg.cpython-37m-darwin.so
0x0000000145fda000 	/Users/geoffryroberts/.julia/conda/3/lib/python3.7/site-packages/PyQt5/QtCore.so
0x000000014627b000 	/Users/geoffryroberts/.julia/conda/3/lib/libQt5Core.5.9.7.dylib
0x00000001466cf000 	/Users/geoffryroberts/.julia/conda/3/lib/libicui18n.58.2.dylib
0x0000000146968000 	/Users/geoffryroberts/.julia/conda/3/lib/libicuuc.58.2.dylib
0x0000000146b0b000 	/Users/geoffryroberts/.julia/conda/3/lib/libicudata.58.2.dylib
0x000000014845c000 	/Users/geoffryroberts/.julia/conda/3/lib/python3.7/site-packages/sip.so
0x000000014b94c000 	/Users/geoffryroberts/.julia/conda/3/lib/python3.7/site-packages/PyQt5/QtGui.so
0x000000014bc3c000 	/Users/geoffryroberts/.julia/conda/3/lib/libQt5Gui.5.9.7.dylib
0x00007fff30578000 	/System/Library/Frameworks/AGL.framework/Versions/A/AGL
0x00007fff33958000 	/System/Library/Frameworks/Carbon.framework/Versions/A/Carbon
0x00007fff33959000 	/System/Library/Frameworks/Carbon.framework/Versions/A/Frameworks/CommonPanels.framework/Versions/A/CommonPanels
0x00007fff33c52000 	/System/Library/Frameworks/Carbon.framework/Versions/A/Frameworks/Help.framework/Versions/A/Help
0x00007fff33c56000 	/System/Library/Frameworks/Carbon.framework/Versions/A/Frameworks/ImageCapture.framework/Versions/A/ImageCapture
0x00007fff33c5d000 	/System/Library/Frameworks/Carbon.framework/Versions/A/Frameworks/OpenScripting.framework/Versions/A/OpenScripting
0x00007fff33c5c000 	/System/Library/Frameworks/Carbon.framework/Versions/A/Frameworks/Ink.framework/Versions/A/Ink
0x00007fff33c98000 	/System/Library/Frameworks/Carbon.framework/Versions/A/Frameworks/Print.framework/Versions/A/Print
0x00007fff33c99000 	/System/Library/Frameworks/Carbon.framework/Versions/A/Frameworks/SecurityHI.framework/Versions/A/SecurityHI
0x000000014bfcd000 	/Users/geoffryroberts/.julia/conda/3/lib/python3.7/site-packages/PyQt5/QtWidgets.so
0x000000014c504000 	/Users/geoffryroberts/.julia/conda/3/lib/libQt5Widgets.5.9.7.dylib
0x000000014d20a000 	/Library/Java/JavaVirtualMachines/openjdk-13.jdk/Contents/Home/lib/server/libjvm.dylib
0x000000014857a000 	/Library/Java/JavaVirtualMachines/openjdk-13.jdk/Contents/Home/lib/libverify.dylib
0x0000000148586000 	/Library/Java/JavaVirtualMachines/openjdk-13.jdk/Contents/Home/lib/libjava.dylib
0x00000001485b4000 	/Library/Java/JavaVirtualMachines/openjdk-13.jdk/Contents/Home/lib/libzip.dylib
0x00000001485bb000 	/Library/Java/JavaVirtualMachines/openjdk-13.jdk/Contents/Home/lib/libjimage.dylib


VM Arguments:
jvm_args: -Xmx128M 
java_command: <unknown>
java_class_path (initial): /Users/geoffryroberts/d4mWk/D4M.jl/src/libext:/Users/geoffryroberts/d4mWk/D4M.jl/src/libext/accessors-smart-1.2.jar:/Users/geoffryroberts/d4mWk/D4M.jl/src/libext/accumulo-core-2.0.0.jar:/Users/geoffryroberts/d4mWk/D4M.jl/src/libext/accumulo-gc-2.0.0.jar:/Users/geoffryroberts/d4mWk/D4M.jl/src/libext/accumulo-master-2.0.0.jar:/Users/geoffryroberts/d4mWk/D4M.jl/src/libext/accumulo-minicluster-2.0.0.jar:/Users/geoffryroberts/d4mWk/D4M.jl/src/libext/accumulo-monitor-2.0.0.jar:/Users/geoffryroberts/d4mWk/D4M.jl/src/libext/accumulo-server-base-2.0.0.jar:/Users/geoffryroberts/d4mWk/D4M.jl/src/libext/accumulo-start-2.0.0.jar:/Users/geoffryroberts/d4mWk/D4M.jl/src/libext/accumulo-tracer-2.0.0.jar:/Users/geoffryroberts/d4mWk/D4M.jl/src/libext/accumulo-tserver-2.0.0.jar:/Users/geoffryroberts/d4mWk/D4M.jl/src/libext/animal-sniffer-annotations-1.17.jar:/Users/geoffryroberts/d4mWk/D4M.jl/src/libext/aopalliance-repackaged-2.5.0.jar:/Users/geoffryroberts/d4mWk/D4M.jl/src/libext/arpack_combined_all-0.1.jar:/Users/geoffryroberts/d4mWk/D4M.jl/src/libext/asm-5.0.4.jar:/Users/geoffryroberts/d4mWk/D4M.jl/src/libext/audience-annotations-0.5.0.jar:/Users/geoffryroberts/d4mWk/D4M.jl/src/libext/avro-1.7.7.jar:/Users/geoffryroberts/d4mWk/D4M.jl/src/libext/caffeine-2.7.0.jar:/Users/geoffryroberts/d4mWk/D4M.jl/src/libext/checker-qual-2.6.0.jar:/Users/geoffryroberts/d4mWk/D4M.jl/src/libext/classmate-1.3.4.jar:/Users/geoffryroberts/d4mWk/D4M.jl/src/libext/commons-beanutils-1.9.3.jar:/Users/geoffryroberts/d4mWk/D4M.jl/src/libext/commons-cli-1.2.jar:/Users/geoffryroberts/d4mWk/D4M.jl/src/libext/commons-codec-1.11.jar:/Users/geoffryroberts/d4mWk/D4M.jl/src/libext/commons-collections-3.2.2.jar:/Users/geoffryroberts/d4mWk/D4M.jl/src/libext/commons-collections4-4.1.jar:/Users/geoffryroberts/d4mWk/D4M.jl/src/libext/commons-compress-1.4.1.jar:/Users/geoffryroberts/d4mWk/D4M.jl/src/libext/commons-configuration2-2.5.jar:/Users/geoffryroberts/d4mWk/D4M.jl/src/libext/commons-io-2.
Launcher Type: generic

[Global flags]
     intx CICompilerCount                          = 4                                         {product} {ergonomic}
     uint ConcGCThreads                            = 3                                         {product} {ergonomic}
     uint G1ConcRefinementThreads                  = 10                                        {product} {ergonomic}
   size_t G1HeapRegionSize                         = 1048576                                   {product} {ergonomic}
    uintx GCDrainStackTargetSize                   = 64                                        {product} {ergonomic}
   size_t InitialHeapSize                          = 134217728                                 {product} {ergonomic}
   size_t MarkStackSize                            = 4194304                                   {product} {ergonomic}
   size_t MaxHeapSize                              = 134217728                                 {product} {command line}
   size_t MaxNewSize                               = 79691776                                  {product} {ergonomic}
   size_t MinHeapDeltaBytes                        = 1048576                                   {product} {ergonomic}
   size_t MinHeapSize                              = 8388608                                   {product} {ergonomic}
    uintx NonNMethodCodeHeapSize                   = 5836300                                {pd product} {ergonomic}
    uintx NonProfiledCodeHeapSize                  = 122910970                              {pd product} {ergonomic}
    uintx ProfiledCodeHeapSize                     = 122910970                              {pd product} {ergonomic}
    uintx ReservedCodeCacheSize                    = 251658240                              {pd product} {ergonomic}
     bool SegmentedCodeCache                       = true                                      {product} {ergonomic}
   size_t SoftMaxHeapSize                          = 134217728                              {manageable} {ergonomic}
     bool UseCompressedClassPointers               = true                                 {lp64_product} {ergonomic}
     bool UseCompressedOops                        = true                                 {lp64_product} {ergonomic}
     bool UseG1GC                                  = true                                      {product} {ergonomic}

Logging:
Log output configuration:
 #0: stdout all=warning uptime,level,tags
 #1: stderr all=off uptime,level,tags

Environment Variables:
JAVA_HOME=/Library/Java/JavaVirtualMachines/openjdk-13.jdk/Contents/Home
PATH=/Applications/Julia-1.5.app/Contents/Resources/julia/bin:/Users/geoffryroberts/miniconda3/bin:/Users/geoffryroberts/miniconda3/condabin:/usr/local/bin:/usr/bin:/bin:/usr/sbin:/sbin:/usr/local/go/bin
SHELL=/bin/bash

Signal Handlers:
SIGSEGV: [libjvm.dylib+0x781590], sa_mask[0]=11111111011111110111111111111111, sa_flags=SA_ONSTACK|SA_RESTART|SA_SIGINFO
SIGBUS: [libjvm.dylib+0x781590], sa_mask[0]=11111111011111110111111111111111, sa_flags=SA_RESTART|SA_SIGINFO
SIGFPE: [libjvm.dylib+0x781590], sa_mask[0]=11111111011111110111111111111111, sa_flags=SA_RESTART|SA_SIGINFO
SIGPIPE: [libjvm.dylib+0x627f9d], sa_mask[0]=11111111011111110111111111111111, sa_flags=SA_RESTART|SA_SIGINFO
SIGXFSZ: [libjvm.dylib+0x627f9d], sa_mask[0]=11111111011111110111111111111111, sa_flags=SA_RESTART|SA_SIGINFO
SIGILL: [libjvm.dylib+0x781590], sa_mask[0]=11111111011111110111111111111111, sa_flags=SA_RESTART|SA_SIGINFO
SIGUSR2: [libjvm.dylib+0x628587], sa_mask[0]=01100100000000100000000000001000, sa_flags=SA_RESTART|SA_SIGINFO
SIGHUP: SIG_DFL, sa_mask[0]=11011111011111100000000111000110, sa_flags=none
SIGINT: [libjulia.1.5.dylib+0xd9e80], sa_mask[0]=00000000000000000000000000000000, sa_flags=none
SIGTERM: SIG_IGN, sa_mask[0]=00000000000000000000000000000000, sa_flags=SA_RESTART
SIGQUIT: SIG_IGN, sa_mask[0]=00000000000000000000000000000000, sa_flags=SA_RESTART


---------------  S Y S T E M  ---------------

OS:uname:Darwin 19.6.0 Darwin Kernel Version 19.6.0: Tue Nov 10 00:10:30 PST 2020; root:xnu-6153.141.10~1/RELEASE_X86_64 x86_64
rlimit: STACK 8192k, CORE 0k, NPROC 2784, NOFILE 10240, AS infinity, DATA infinity, FSIZE infinity
load average:2.42 2.06 2.07

CPU:total 12 (initial active 12) (6 cores per cpu, 2 threads per core) family 6 model 158 stepping 10, cmov, cx8, fxsr, mmx, sse, sse2, sse3, ssse3, sse4.1, sse4.2, popcnt, avx, avx2, aes, clmul, erms, 3dnowpref, lzcnt, ht, tsc, tscinvbit, bmi1, bmi2, adx, fma

Memory: 4k page, physical 16777216k(43432k free), swap 9437184k(1573120k free)

vm_info: OpenJDK 64-Bit Server VM (13+33) for bsd-amd64 JRE (13+33), built on Aug  9 2019 10:15:27 by "mach5one" with clang 4.2.1 Compatible Apple LLVM 10.0.0 (clang-1000.11.45.5)

END.
